#
# There is insufficient memory for the Java Runtime Environment to continue.
# Native memory allocation (malloc) failed to allocate 558736 bytes for Chunk::new
# Possible reasons:
#   The system is out of physical RAM or swap space
#   In 32 bit mode, the process size limit was hit
# Possible solutions:
#   Reduce memory load on the system
#   Increase physical memory or swap space
#   Check if swap backing store is full
#   Use 64 bit Java on a 64 bit OS
#   Decrease Java heap size (-Xmx/-Xms)
#   Decrease number of Java threads
#   Decrease Java thread stack sizes (-Xss)
#   Set larger code cache with -XX:ReservedCodeCacheSize=
# This output file may be truncated or incomplete.
#
#  Out of Memory Error (allocation.cpp:390), pid=5728, tid=4212
#
# JRE version: Java(TM) SE Runtime Environment (8.0_60-b27) (build 1.8.0_60-b27)
# Java VM: Java HotSpot(TM) 64-Bit Server VM (25.60-b23 mixed mode windows-amd64 compressed oops)
# Failed to write core dump. Minidumps are not enabled by default on client versions of Windows
#

---------------  T H R E A D  ---------------

Current thread (0x0000000016482800):  JavaThread "C2 CompilerThread1" daemon [_thread_in_native, id=4212, stack(0x0000000017de0000,0x0000000017ee0000)]

Stack: [0x0000000017de0000,0x0000000017ee0000]
[error occurred during error reporting (printing stack bounds), id 0xc0000005]

Native frames: (J=compiled Java code, j=interpreted, Vv=VM code, C=native code)


Current CompileTask:
C2:  25721 4028       4       com.sun.tools.javac.comp.Resolve::findIdentInPackage (111 bytes)


---------------  P R O C E S S  ---------------

Java Threads: ( => current thread )
  0x0000000018018800 JavaThread "Service Thread" daemon [_thread_blocked, id=4016, stack(0x00000000183e0000,0x00000000184e0000)]
  0x0000000016489800 JavaThread "C1 CompilerThread2" daemon [_thread_blocked, id=5128, stack(0x0000000017ee0000,0x0000000017fe0000)]
=>0x0000000016482800 JavaThread "C2 CompilerThread1" daemon [_thread_in_native, id=4212, stack(0x0000000017de0000,0x0000000017ee0000)]
  0x000000001647d800 JavaThread "C2 CompilerThread0" daemon [_thread_in_native, id=5184, stack(0x0000000017ce0000,0x0000000017de0000)]
  0x000000001647c000 JavaThread "Attach Listener" daemon [_thread_blocked, id=5892, stack(0x0000000017be0000,0x0000000017ce0000)]
  0x000000001647b000 JavaThread "Signal Dispatcher" daemon [_thread_blocked, id=3500, stack(0x0000000017ae0000,0x0000000017be0000)]
  0x0000000002bf8000 JavaThread "Finalizer" daemon [_thread_blocked, id=6800, stack(0x00000000176d0000,0x00000000177d0000)]
  0x0000000002bef000 JavaThread "Reference Handler" daemon [_thread_blocked, id=4056, stack(0x00000000175d0000,0x00000000176d0000)]
  0x0000000000fee000 JavaThread "main" [_thread_in_native, id=3684, stack(0x0000000002a00000,0x0000000002b00000)]

Other Threads:
  0x0000000016448800 VMThread [stack: 0x00000000174d0000,0x00000000175d0000] [id=6456]
  0x00000000164ba800 WatcherThread [stack: 0x00000000184e0000,0x00000000185e0000] [id=6488]

VM state:not at safepoint (normal execution)

VM Mutex/Monitor currently owned by a thread: None

Heap:
 PSYoungGen      total 104960K, used 38972K [0x00000000e0980000, 0x00000000e7780000, 0x0000000100000000)
  eden space 97792K, 32% used [0x00000000e0980000,0x00000000e2894ba0,0x00000000e6900000)
  from space 7168K, 99% used [0x00000000e6900000,0x00000000e6ffa660,0x00000000e7000000)
  to   space 6656K, 0% used [0x00000000e7000000,0x00000000e7000000,0x00000000e7680000)
 ParOldGen       total 65536K, used 34819K [0x00000000a1c00000, 0x00000000a5c00000, 0x00000000e0980000)
  object space 65536K, 53% used [0x00000000a1c00000,0x00000000a3e00ca0,0x00000000a5c00000)
 Metaspace       used 20235K, capacity 20688K, committed 20992K, reserved 1067008K
  class space    used 2328K, capacity 2454K, committed 2560K, reserved 1048576K

Card table byte_map: [0x0000000011fc0000,0x00000000122c0000] byte_map_base: 0x0000000011ab2000

Marking Bits: (ParMarkBitMap*) 0x00000000609fa5b0
 Begin Bits: [0x00000000128c0000, 0x0000000014050000)
 End Bits:   [0x0000000014050000, 0x00000000157e0000)

Polling page: 0x0000000001090000

CodeCache: size=245760Kb used=13885Kb max_used=13899Kb free=231874Kb
 bounds [0x0000000002c00000, 0x00000000039c0000, 0x0000000011c00000]
 total_blobs=4024 nmethods=3660 adapters=276
 compilation: enabled

Compilation events (10 events):
Event: 25.706 Thread 0x0000000016489800 4037       3       com.sun.tools.javac.comp.MemberEnter::baseEnv (168 bytes)
Event: 25.707 Thread 0x0000000016489800 nmethod 4037 0x0000000003061b90 code [0x0000000003061e60, 0x0000000003063548]
Event: 25.707 Thread 0x0000000016489800 4041       1       com.sun.tools.javac.tree.JCTree$JCImport::getTag (4 bytes)
Event: 25.708 Thread 0x0000000016489800 nmethod 4041 0x0000000003095d90 code [0x0000000003095ee0, 0x0000000003095ff0]
Event: 25.708 Thread 0x0000000016489800 4042   !   3       com.sun.tools.javac.comp.MemberEnter::finish (56 bytes)
Event: 25.709 Thread 0x0000000016489800 nmethod 4042 0x000000000306b150 code [0x000000000306b320, 0x000000000306be58]
Event: 25.709 Thread 0x0000000016489800 4043       3       com.sun.tools.javac.comp.Attr::attribAnnotationTypes (38 bytes)
Event: 25.710 Thread 0x0000000016489800 nmethod 4043 0x0000000003060f50 code [0x0000000003061100, 0x0000000003061798]
Event: 25.712 Thread 0x0000000016489800 4044       3       com.sun.tools.javac.util.Convert::shortName (17 bytes)
Event: 25.712 Thread 0x0000000016489800 nmethod 4044 0x0000000003060590 code [0x0000000003060740, 0x0000000003060d88]

GC Heap History (10 events):
Event: 2.925 GC heap before
{Heap before GC invocations=5 (full 0):
 PSYoungGen      total 28672K, used 28640K [0x00000000e0980000, 0x00000000e4180000, 0x0000000100000000)
  eden space 24576K, 100% used [0x00000000e0980000,0x00000000e2180000,0x00000000e2180000)
  from space 4096K, 99% used [0x00000000e2580000,0x00000000e2978020,0x00000000e2980000)
  to   space 4096K, 0% used [0x00000000e2180000,0x00000000e2180000,0x00000000e2580000)
 ParOldGen       total 65536K, used 4111K [0x00000000a1c00000, 0x00000000a5c00000, 0x00000000e0980000)
  object space 65536K, 6% used [0x00000000a1c00000,0x00000000a2003c98,0x00000000a5c00000)
 Metaspace       used 12699K, capacity 12988K, committed 13184K, reserved 1060864K
  class space    used 1519K, capacity 1590K, committed 1664K, reserved 1048576K
Event: 2.935 GC heap after
Heap after GC invocations=5 (full 0):
 PSYoungGen      total 28672K, used 4080K [0x00000000e0980000, 0x00000000e4680000, 0x0000000100000000)
  eden space 24576K, 0% used [0x00000000e0980000,0x00000000e0980000,0x00000000e2180000)
  from space 4096K, 99% used [0x00000000e2180000,0x00000000e257c010,0x00000000e2580000)
  to   space 6656K, 0% used [0x00000000e4000000,0x00000000e4000000,0x00000000e4680000)
 ParOldGen       total 65536K, used 5263K [0x00000000a1c00000, 0x00000000a5c00000, 0x00000000e0980000)
  object space 65536K, 8% used [0x00000000a1c00000,0x00000000a2123ca8,0x00000000a5c00000)
 Metaspace       used 12699K, capacity 12988K, committed 13184K, reserved 1060864K
  class space    used 1519K, capacity 1590K, committed 1664K, reserved 1048576K
}
Event: 3.438 GC heap before
{Heap before GC invocations=6 (full 0):
 PSYoungGen      total 28672K, used 28656K [0x00000000e0980000, 0x00000000e4680000, 0x0000000100000000)
  eden space 24576K, 100% used [0x00000000e0980000,0x00000000e2180000,0x00000000e2180000)
  from space 4096K, 99% used [0x00000000e2180000,0x00000000e257c010,0x00000000e2580000)
  to   space 6656K, 0% used [0x00000000e4000000,0x00000000e4000000,0x00000000e4680000)
 ParOldGen       total 65536K, used 5263K [0x00000000a1c00000, 0x00000000a5c00000, 0x00000000e0980000)
  object space 65536K, 8% used [0x00000000a1c00000,0x00000000a2123ca8,0x00000000a5c00000)
 Metaspace       used 12942K, capacity 13276K, committed 13440K, reserved 1060864K
  class space    used 1534K, capacity 1622K, committed 1664K, reserved 1048576K
Event: 3.453 GC heap after
Heap after GC invocations=6 (full 0):
 PSYoungGen      total 55808K, used 5424K [0x00000000e0980000, 0x00000000e4680000, 0x0000000100000000)
  eden space 49152K, 0% used [0x00000000e0980000,0x00000000e0980000,0x00000000e3980000)
  from space 6656K, 81% used [0x00000000e4000000,0x00000000e454c030,0x00000000e4680000)
  to   space 6656K, 0% used [0x00000000e3980000,0x00000000e3980000,0x00000000e4000000)
 ParOldGen       total 65536K, used 5263K [0x00000000a1c00000, 0x00000000a5c00000, 0x00000000e0980000)
  object space 65536K, 8% used [0x00000000a1c00000,0x00000000a2123ca8,0x00000000a5c00000)
 Metaspace       used 12942K, capacity 13276K, committed 13440K, reserved 1060864K
  class space    used 1534K, capacity 1622K, committed 1664K, reserved 1048576K
}
Event: 4.220 GC heap before
{Heap before GC invocations=7 (full 0):
 PSYoungGen      total 55808K, used 54576K [0x00000000e0980000, 0x00000000e4680000, 0x0000000100000000)
  eden space 49152K, 100% used [0x00000000e0980000,0x00000000e3980000,0x00000000e3980000)
  from space 6656K, 81% used [0x00000000e4000000,0x00000000e454c030,0x00000000e4680000)
  to   space 6656K, 0% used [0x00000000e3980000,0x00000000e3980000,0x00000000e4000000)
 ParOldGen       total 65536K, used 5263K [0x00000000a1c00000, 0x00000000a5c00000, 0x00000000e0980000)
  object space 65536K, 8% used [0x00000000a1c00000,0x00000000a2123ca8,0x00000000a5c00000)
 Metaspace       used 13314K, capacity 13716K, committed 13952K, reserved 1060864K
  class space    used 1551K, capacity 1662K, committed 1664K, reserved 1048576K
Event: 4.239 GC heap after
Heap after GC invocations=7 (full 0):
 PSYoungGen      total 55808K, used 5680K [0x00000000e0980000, 0x00000000e7680000, 0x0000000100000000)
  eden space 49152K, 0% used [0x00000000e0980000,0x00000000e0980000,0x00000000e3980000)
  from space 6656K, 85% used [0x00000000e3980000,0x00000000e3f0c010,0x00000000e4000000)
  to   space 6656K, 0% used [0x00000000e7000000,0x00000000e7000000,0x00000000e7680000)
 ParOldGen       total 65536K, used 6663K [0x00000000a1c00000, 0x00000000a5c00000, 0x00000000e0980000)
  object space 65536K, 10% used [0x00000000a1c00000,0x00000000a2281ce8,0x00000000a5c00000)
 Metaspace       used 13314K, capacity 13716K, committed 13952K, reserved 1060864K
  class space    used 1551K, capacity 1662K, committed 1664K, reserved 1048576K
}
Event: 6.891 GC heap before
{Heap before GC invocations=8 (full 0):
 PSYoungGen      total 55808K, used 54832K [0x00000000e0980000, 0x00000000e7680000, 0x0000000100000000)
  eden space 49152K, 100% used [0x00000000e0980000,0x00000000e3980000,0x00000000e3980000)
  from space 6656K, 85% used [0x00000000e3980000,0x00000000e3f0c010,0x00000000e4000000)
  to   space 6656K, 0% used [0x00000000e7000000,0x00000000e7000000,0x00000000e7680000)
 ParOldGen       total 65536K, used 6663K [0x00000000a1c00000, 0x00000000a5c00000, 0x00000000e0980000)
  object space 65536K, 10% used [0x00000000a1c00000,0x00000000a2281ce8,0x00000000a5c00000)
 Metaspace       used 14526K, capacity 14908K, committed 15232K, reserved 1062912K
  class space    used 1679K, capacity 1806K, committed 1920K, reserved 1048576K
Event: 6.902 GC heap after
Heap after GC invocations=8 (full 0):
 PSYoungGen      total 104448K, used 6436K [0x00000000e0980000, 0x00000000e7780000, 0x0000000100000000)
  eden space 97792K, 0% used [0x00000000e0980000,0x00000000e0980000,0x00000000e6900000)
  from space 6656K, 96% used [0x00000000e7000000,0x00000000e7649218,0x00000000e7680000)
  to   space 7168K, 0% used [0x00000000e6900000,0x00000000e6900000,0x00000000e7000000)
 ParOldGen       total 65536K, used 8673K [0x00000000a1c00000, 0x00000000a5c00000, 0x00000000e0980000)
  object space 65536K, 13% used [0x00000000a1c00000,0x00000000a2478518,0x00000000a5c00000)
 Metaspace       used 14526K, capacity 14908K, committed 15232K, reserved 1062912K
  class space    used 1679K, capacity 1806K, committed 1920K, reserved 1048576K
}
Event: 25.098 GC heap before
{Heap before GC invocations=9 (full 0):
 PSYoungGen      total 104448K, used 104228K [0x00000000e0980000, 0x00000000e7780000, 0x0000000100000000)
  eden space 97792K, 100% used [0x00000000e0980000,0x00000000e6900000,0x00000000e6900000)
  from space 6656K, 96% used [0x00000000e7000000,0x00000000e7649218,0x00000000e7680000)
  to   space 7168K, 0% used [0x00000000e6900000,0x00000000e6900000,0x00000000e7000000)
 ParOldGen       total 65536K, used 8673K [0x00000000a1c00000, 0x00000000a5c00000, 0x00000000e0980000)
  object space 65536K, 13% used [0x00000000a1c00000,0x00000000a2478518,0x00000000a5c00000)
 Metaspace       used 19716K, capacity 20144K, committed 20352K, reserved 1067008K
  class space    used 2308K, capacity 2422K, committed 2432K, reserved 1048576K
Event: 25.136 GC heap after
Heap after GC invocations=9 (full 0):
 PSYoungGen      total 104960K, used 7145K [0x00000000e0980000, 0x00000000e7780000, 0x0000000100000000)
  eden space 97792K, 0% used [0x00000000e0980000,0x00000000e0980000,0x00000000e6900000)
  from space 7168K, 99% used [0x00000000e6900000,0x00000000e6ffa660,0x00000000e7000000)
  to   space 6656K, 0% used [0x00000000e7000000,0x00000000e7000000,0x00000000e7680000)
 ParOldGen       total 65536K, used 34819K [0x00000000a1c00000, 0x00000000a5c00000, 0x00000000e0980000)
  object space 65536K, 53% used [0x00000000a1c00000,0x00000000a3e00ca0,0x00000000a5c00000)
 Metaspace       used 19716K, capacity 20144K, committed 20352K, reserved 1067008K
  class space    used 2308K, capacity 2422K, committed 2432K, reserved 1048576K
}

Deoptimization events (10 events):
Event: 25.074 Thread 0x0000000000fee000 Uncommon trap: reason=array_check action=maybe_recompile pc=0x0000000003981400 method=java.util.ComparableTimSort.binarySort([Ljava/lang/Object;III)V @ 215
Event: 25.083 Thread 0x0000000000fee000 Uncommon trap: reason=array_check action=maybe_recompile pc=0x0000000003981400 method=java.util.ComparableTimSort.binarySort([Ljava/lang/Object;III)V @ 215
Event: 25.083 Thread 0x0000000000fee000 Uncommon trap: reason=unstable_if action=reinterpret pc=0x0000000003983350 method=java.util.ComparableTimSort.countRunAndMakeAscending([Ljava/lang/Object;II)I @ 25
Event: 25.087 Thread 0x0000000000fee000 Uncommon trap: reason=array_check action=maybe_recompile pc=0x0000000003981400 method=java.util.ComparableTimSort.binarySort([Ljava/lang/Object;III)V @ 215
Event: 25.091 Thread 0x0000000000fee000 Uncommon trap: reason=array_check action=maybe_recompile pc=0x00000000039801b8 method=java.util.ComparableTimSort.binarySort([Ljava/lang/Object;III)V @ 215
Event: 25.097 Thread 0x0000000000fee000 Uncommon trap: reason=array_check action=maybe_recompile pc=0x0000000003990a64 method=java.util.ComparableTimSort.binarySort([Ljava/lang/Object;III)V @ 193
Event: 25.097 Thread 0x0000000000fee000 Uncommon trap: reason=array_check action=maybe_recompile pc=0x0000000003990a64 method=java.util.ComparableTimSort.binarySort([Ljava/lang/Object;III)V @ 193
Event: 25.264 Thread 0x0000000000fee000 Uncommon trap: reason=unstable_if action=reinterpret pc=0x0000000003382910 method=java.lang.Integer.valueOf(I)Ljava/lang/Integer; @ 3
Event: 25.383 Thread 0x0000000000fee000 Uncommon trap: reason=unstable_if action=reinterpret pc=0x00000000031161c8 method=com.sun.tools.javac.util.ArrayUtils.ensureCapacity([BI)[B @ 3
Event: 25.496 Thread 0x0000000000fee000 Uncommon trap: reason=unstable_if action=reinterpret pc=0x0000000002e9697c method=java.lang.CharacterDataLatin1.isJavaIdentifierPart(I)Z @ 11

Internal exceptions (10 events):
Event: 1.823 Thread 0x0000000000fee000 Implicit null exception at 0x0000000002fb8995 to 0x0000000002fb8b6d
Event: 1.823 Thread 0x0000000000fee000 Implicit null exception at 0x0000000002eda4ef to 0x0000000002eda559
Event: 1.953 Thread 0x0000000000fee000 Implicit null exception at 0x000000000310ebe4 to 0x000000000310fd71
Event: 2.985 Thread 0x0000000000fee000 Implicit null exception at 0x0000000002f66ffb to 0x0000000002f675ad
Event: 4.579 Thread 0x0000000000fee000 Exception <a 'java/lang/NoClassDefFoundError': org/slf4j/Logger> (0x00000000e11f1d70) thrown at [C:\re\workspace\8-2-build-windows-amd64-cygwin\jdk8u60\4407\hotspot\src\share\vm\oops\constantPool.cpp, line 235]
Event: 5.505 Thread 0x0000000000fee000 Exception <a 'java/lang/NoClassDefFoundError': org/slf4j/Logger> (0x00000000e1c44e38) thrown at [C:\re\workspace\8-2-build-windows-amd64-cygwin\jdk8u60\4407\hotspot\src\share\vm\oops\constantPool.cpp, line 235]
Event: 6.383 Thread 0x0000000000fee000 Exception <a 'java/lang/NoClassDefFoundError': org/slf4j/Logger> (0x00000000e3323270) thrown at [C:\re\workspace\8-2-build-windows-amd64-cygwin\jdk8u60\4407\hotspot\src\share\vm\oops\constantPool.cpp, line 235]
Event: 8.640 Thread 0x0000000000fee000 Exception <a 'java/lang/ClassNotFoundException': com/sun/tools/javac/api/JavacTool> (0x00000000e12206c8) thrown at [C:\re\workspace\8-2-build-windows-amd64-cygwin\jdk8u60\4407\hotspot\src\share\vm\classfile\systemDictionary.cpp, line 210]
Event: 24.959 Thread 0x0000000000fee000 Exception <a 'java/io/FileNotFoundException'> (0x00000000e571ddc8) thrown at [C:\re\workspace\8-2-build-windows-amd64-cygwin\jdk8u60\4407\hotspot\src\share\vm\prims\jni.cpp, line 709]
Event: 24.962 Thread 0x0000000000fee000 Exception <a 'java/io/FileNotFoundException'> (0x00000000e5751b68) thrown at [C:\re\workspace\8-2-build-windows-amd64-cygwin\jdk8u60\4407\hotspot\src\share\vm\prims\jni.cpp, line 709]

Events (10 events):
Event: 25.452 loading class com/sun/tools/javac/jvm/ClassReader$AnnotationDefaultCompleter done
Event: 25.480 Executing VM operation: ForceSafepoint
Event: 25.480 Executing VM operation: ForceSafepoint done
Event: 25.496 Thread 0x0000000000fee000 Uncommon trap: trap_request=0xffffff65 fr.pc=0x0000000002e9697c
Event: 25.496 Thread 0x0000000000fee000 DEOPT PACKING pc=0x0000000002e9697c sp=0x0000000002afcb80
Event: 25.496 Thread 0x0000000000fee000 DEOPT UNPACKING pc=0x0000000002c4582a sp=0x0000000002afcb00 mode 2
Event: 25.671 loading class com/sun/tools/javac/comp/Check$7
Event: 25.671 loading class com/sun/tools/javac/comp/Check$7 done
Event: 25.671 loading class com/sun/tools/javac/util/MandatoryWarningHandler$DeferredDiagnosticKind
Event: 25.671 loading class com/sun/tools/javac/util/MandatoryWarningHandler$DeferredDiagnosticKind done


Dynamic libraries:
0x00007ff69ea70000 - 0x00007ff69eaa7000 	C:\Program Files\Java\jdk1.8.0_60\bin\java.exe
0x00007ff881c40000 - 0x00007ff881dec000 	C:\Windows\SYSTEM32\ntdll.dll
0x00007ff87f4b0000 - 0x00007ff87f5ee000 	C:\Windows\system32\KERNEL32.DLL
0x00007ff87f150000 - 0x00007ff87f265000 	C:\Windows\system32\KERNELBASE.dll
0x00007ff87d850000 - 0x00007ff87d8de000 	C:\Windows\system32\apphelp.dll
0x00007ff873720000 - 0x00007ff873773000 	C:\Windows\AppPatch\AppPatch64\AcGenral.DLL
0x00007ff87f320000 - 0x00007ff87f3ca000 	C:\Windows\system32\msvcrt.dll
0x00007ff87eb60000 - 0x00007ff87eb8e000 	C:\Windows\SYSTEM32\SspiCli.dll
0x00007ff881be0000 - 0x00007ff881c34000 	C:\Windows\system32\SHLWAPI.dll
0x00007ff87fb70000 - 0x00007ff87fce7000 	C:\Windows\system32\USER32.dll
0x00007ff87f9d0000 - 0x00007ff87fb64000 	C:\Windows\system32\ole32.dll
0x00007ff880610000 - 0x00007ff881b3b000 	C:\Windows\system32\SHELL32.dll
0x00007ff87e330000 - 0x00007ff87e351000 	C:\Windows\SYSTEM32\USERENV.dll
0x00007ff880180000 - 0x00007ff88022a000 	C:\Windows\system32\ADVAPI32.dll
0x00007ff875ac0000 - 0x00007ff875ade000 	C:\Windows\SYSTEM32\MPR.dll
0x00007ff87f5f0000 - 0x00007ff87f731000 	C:\Windows\system32\RPCRT4.dll
0x00007ff881b40000 - 0x00007ff881b99000 	C:\Windows\SYSTEM32\sechost.dll
0x00007ff87f7b0000 - 0x00007ff87f9c1000 	C:\Windows\SYSTEM32\combase.dll
0x00007ff880030000 - 0x00007ff88017f000 	C:\Windows\system32\GDI32.dll
0x00007ff87ed90000 - 0x00007ff87eda5000 	C:\Windows\SYSTEM32\profapi.dll
0x00007ff87d8f0000 - 0x00007ff87d9a2000 	C:\Windows\SYSTEM32\SHCORE.dll
0x00007ff881ba0000 - 0x00007ff881bd6000 	C:\Windows\system32\IMM32.DLL
0x00007ff87fed0000 - 0x00007ff880022000 	C:\Windows\system32\MSCTF.dll
0x00007ff87be80000 - 0x00007ff87c0fb000 	C:\Windows\WinSxS\amd64_microsoft.windows.common-controls_6595b64144ccf1df_6.0.9600.18006_none_623f33d3ecbe86e8\COMCTL32.dll
0x00000000617d0000 - 0x00000000618a2000 	C:\Program Files\Java\jdk1.8.0_60\jre\bin\msvcr100.dll
0x00000000601f0000 - 0x0000000060a79000 	C:\Program Files\Java\jdk1.8.0_60\jre\bin\server\jvm.dll
0x00007ff876150000 - 0x00007ff876159000 	C:\Windows\SYSTEM32\WSOCK32.dll
0x00007ff87c480000 - 0x00007ff87c4a2000 	C:\Windows\SYSTEM32\WINMM.dll
0x00007ff87ca50000 - 0x00007ff87ca5a000 	C:\Windows\SYSTEM32\VERSION.dll
0x00007ff8802a0000 - 0x00007ff8802a7000 	C:\Windows\system32\PSAPI.DLL
0x00007ff87f2c0000 - 0x00007ff87f31a000 	C:\Windows\system32\WS2_32.dll
0x00007ff87bd90000 - 0x00007ff87bdba000 	C:\Windows\SYSTEM32\WINMMBASE.dll
0x00007ff8802d0000 - 0x00007ff8802d9000 	C:\Windows\system32\NSI.dll
0x00007ff87f270000 - 0x00007ff87f2bf000 	C:\Windows\SYSTEM32\cfgmgr32.dll
0x00007ff87db90000 - 0x00007ff87dbb8000 	C:\Windows\SYSTEM32\DEVOBJ.dll
0x0000000061780000 - 0x000000006178f000 	C:\Program Files\Java\jdk1.8.0_60\jre\bin\verify.dll
0x0000000061750000 - 0x0000000061779000 	C:\Program Files\Java\jdk1.8.0_60\jre\bin\java.dll
0x0000000061730000 - 0x0000000061746000 	C:\Program Files\Java\jdk1.8.0_60\jre\bin\zip.dll
0x00000000601d0000 - 0x00000000601ea000 	C:\Program Files\Java\jdk1.8.0_60\jre\bin\net.dll
0x00007ff87e5a0000 - 0x00007ff87e5f9000 	C:\Windows\system32\mswsock.dll
0x00000000601b0000 - 0x00000000601c1000 	C:\Program Files\Java\jdk1.8.0_60\jre\bin\nio.dll

VM Arguments:
jvm_args: -Dclassworlds.conf=C:\Program Files\NetBeans 8.1\java\maven\bin\m2.conf -Dmaven.home=C:\Program Files\NetBeans 8.1\java\maven 
java_command: org.codehaus.plexus.classworlds.launcher.Launcher -Dnetbeans.deploy=true -Dmaven.ext.class.path=C:\Program Files\NetBeans 8.1\java\maven-nblib\netbeans-eventspy.jar -Dfile.encoding=UTF-8 package
java_class_path (initial): C:\Program Files\NetBeans 8.1\java\maven\boot\plexus-classworlds-2.4.jar
Launcher Type: SUN_STANDARD

Environment Variables:
JAVA_HOME=C:\Program Files\Java\jdk1.8.0_60
PATH=C:\PROGRAMDATA\ORACLE\JAVA\JAVAPATH;C:\PROGRAM FILES (X86)\INTEL\ICLS CLIENT\;C:\PROGRAM FILES\INTEL\ICLS CLIENT\;C:\PROGRAM FILES\BROADCOM\BROADCOM 802.11 NETWORK ADAPTER;C:\WINDOWS\SYSTEM32;C:\WINDOWS;C:\WINDOWS\SYSTEM32\WBEM;C:\WINDOWS\SYSTEM32\WINDOWSPOWERSHELL\V1.0\;C:\PROGRAM FILES\INTEL\INTEL(R) MANAGEMENT ENGINE COMPONENTS\DAL;C:\PROGRAM FILES\INTEL\INTEL(R) MANAGEMENT ENGINE COMPONENTS\IPT;C:\PROGRAM FILES (X86)\INTEL\INTEL(R) MANAGEMENT ENGINE COMPONENTS\DAL;C:\PROGRAM FILES (X86)\INTEL\INTEL(R) MANAGEMENT ENGINE COMPONENTS\IPT;C:\USERS\CHRISTIAN\.DNX\BIN;C:\PROGRAM FILES\MICROSOFT DNX\DNVM\;C:\PROGRAM FILES\MATLAB\R2013B\RUNTIME\WIN64;C:\PROGRAM FILES\MATLAB\R2013B\BIN;C:\PROGRAM FILES\MATLAB\R2013B\POLYSPACE\BIN;C:\MINGW64\MINGW64\BIN;C:\OPENCV-INSTALL\BIN;C:\PROGRAM FILES\JAVA\JDK1.8.0_60\BIN;C:\Program Files\WIDCOMM\Bluetooth Software\;C:\Program Files\WIDCOMM\Bluetooth Software\syswow64;C:/Program Files/PostgreSQL/9.4\bin;C:\ZEUS\lib\zeus.jar;C:\ZEUS\lib\gnu-regexp.jar;C:\ZEUS\lib\icu4j.jar;C:\ZEUS\lib\sl.jar;C:\ZEUS\lib\jaxb-rt-1.0-ea.jar;C:\ZEUS\lib\jaxb-xjc-1.0-ea.jar;C:\ZEUS\lin\xerces.jar;C:\ZEUS\lib\ant.jar;C:\Program Files (x86)\Zeus\lib\zeus.jar;C:\Program Files (x86)\Zeus\lib\gnu-regexp.jar;C:\Apache24;C:\Apache24\bin;C:\php
USERNAME=Christian
OS=Windows_NT
PROCESSOR_IDENTIFIER=Intel64 Family 6 Model 69 Stepping 1, GenuineIntel



---------------  S Y S T E M  ---------------

OS: Windows 8.1 , 64 bit Build 9600 (6.3.9600.17415)

CPU:total 4 (2 cores per cpu, 2 threads per core) family 6 model 69 stepping 1, cmov, cx8, fxsr, mmx, sse, sse2, sse3, ssse3, sse4.1, sse4.2, popcnt, avx, avx2, aes, clmul, erms, lzcnt, ht, tsc, tscinvbit, bmi1, bmi2

Memory: 4k page, physical 6172056k(1039136k free), swap 6172056k(5548k free)

vm_info: Java HotSpot(TM) 64-Bit Server VM (25.60-b23) for windows-amd64 JRE (1.8.0_60-b27), built on Aug  4 2015 11:06:27 by "java_re" with MS VC++ 10.0 (VS2010)

time: Wed Mar 08 01:01:38 2017
elapsed time: 25 seconds (0d 0h 0m 25s)

