#
# There is insufficient memory for the Java Runtime Environment to continue.
# Native memory allocation (mmap) failed to map 131072 bytes for object start array expansion
# Possible reasons:
#   The system is out of physical RAM or swap space
#   In 32 bit mode, the process size limit was hit
# Possible solutions:
#   Reduce memory load on the system
#   Increase physical memory or swap space
#   Check if swap backing store is full
#   Use 64 bit Java on a 64 bit OS
#   Decrease Java heap size (-Xmx/-Xms)
#   Decrease number of Java threads
#   Decrease Java thread stack sizes (-Xss)
#   Set larger code cache with -XX:ReservedCodeCacheSize=
# This output file may be truncated or incomplete.
#
#  Out of Memory Error (objectStartArray.cpp:102), pid=4244, tid=1412
#
# JRE version:  (8.0_60-b27) (build )
# Java VM: Java HotSpot(TM) 64-Bit Server VM (25.60-b23 mixed mode windows-amd64 compressed oops)
# Failed to write core dump. Minidumps are not enabled by default on client versions of Windows
#

---------------  T H R E A D  ---------------

Current thread (0x00000000021fd800):  JavaThread "Unknown thread" [_thread_in_vm, id=1412, stack(0x0000000002040000,0x0000000002140000)]

Stack: [0x0000000002040000,0x0000000002140000]
[error occurred during error reporting (printing stack bounds), id 0xc0000005]

Native frames: (J=compiled Java code, j=interpreted, Vv=VM code, C=native code)


---------------  P R O C E S S  ---------------

Java Threads: ( => current thread )

Other Threads:

=>0x00000000021fd800 (exited) JavaThread "Unknown thread" [_thread_in_vm, id=1412, stack(0x0000000002040000,0x0000000002140000)]

VM state:not at safepoint (not fully initialized)

VM Mutex/Monitor currently owned by a thread: None

GC Heap History (0 events):
No events

Deoptimization events (0 events):
No events

Internal exceptions (0 events):
No events

Events (0 events):
No events


Dynamic libraries:
0x00007ff7b5400000 - 0x00007ff7b5437000 	C:\Program Files\Java\jdk1.8.0_60\jre\bin\java.exe
0x00007ffdec560000 - 0x00007ffdec70c000 	C:\Windows\SYSTEM32\ntdll.dll
0x00007ffdec360000 - 0x00007ffdec49e000 	C:\Windows\system32\KERNEL32.DLL
0x00007ffde99b0000 - 0x00007ffde9ac5000 	C:\Windows\system32\KERNELBASE.dll
0x00007ffde8230000 - 0x00007ffde82be000 	C:\Windows\system32\apphelp.dll
0x00007ffdd4a20000 - 0x00007ffdd4a73000 	C:\Windows\AppPatch\AppPatch64\AcGenral.DLL
0x00007ffde9e40000 - 0x00007ffde9eea000 	C:\Windows\system32\msvcrt.dll
0x00007ffde9480000 - 0x00007ffde94ae000 	C:\Windows\SYSTEM32\SspiCli.dll
0x00007ffdea170000 - 0x00007ffdea1c4000 	C:\Windows\system32\SHLWAPI.dll
0x00007ffdebe00000 - 0x00007ffdebf77000 	C:\Windows\system32\USER32.dll
0x00007ffdeb980000 - 0x00007ffdebb14000 	C:\Windows\system32\ole32.dll
0x00007ffdea1d0000 - 0x00007ffdeb6fb000 	C:\Windows\system32\SHELL32.dll
0x00007ffde8c50000 - 0x00007ffde8c71000 	C:\Windows\SYSTEM32\USERENV.dll
0x00007ffdebb20000 - 0x00007ffdebbca000 	C:\Windows\system32\ADVAPI32.dll
0x00007ffde1210000 - 0x00007ffde122e000 	C:\Windows\SYSTEM32\MPR.dll
0x00007ffdebf80000 - 0x00007ffdec0c1000 	C:\Windows\system32\RPCRT4.dll
0x00007ffdec300000 - 0x00007ffdec359000 	C:\Windows\SYSTEM32\sechost.dll
0x00007ffde9c20000 - 0x00007ffde9e31000 	C:\Windows\SYSTEM32\combase.dll
0x00007ffdec1a0000 - 0x00007ffdec2ef000 	C:\Windows\system32\GDI32.dll
0x00007ffde96b0000 - 0x00007ffde96c5000 	C:\Windows\SYSTEM32\profapi.dll
0x00007ffde7c00000 - 0x00007ffde7cb2000 	C:\Windows\SYSTEM32\SHCORE.dll
0x00007ffde9be0000 - 0x00007ffde9c16000 	C:\Windows\system32\IMM32.DLL
0x00007ffdebbd0000 - 0x00007ffdebd22000 	C:\Windows\system32\MSCTF.dll
0x00007ffde75c0000 - 0x00007ffde783b000 	C:\Windows\WinSxS\amd64_microsoft.windows.common-controls_6595b64144ccf1df_6.0.9600.18006_none_623f33d3ecbe86e8\COMCTL32.dll
0x000000005c9a0000 - 0x000000005ca72000 	C:\Program Files\Java\jdk1.8.0_60\jre\bin\msvcr100.dll
0x000000005b3b0000 - 0x000000005bc39000 	C:\Program Files\Java\jdk1.8.0_60\jre\bin\server\jvm.dll
0x00007ffde18a0000 - 0x00007ffde18a9000 	C:\Windows\SYSTEM32\WSOCK32.dll
0x00007ffde5e50000 - 0x00007ffde5e72000 	C:\Windows\SYSTEM32\WINMM.dll
0x00007ffde6030000 - 0x00007ffde603a000 	C:\Windows\SYSTEM32\VERSION.dll
0x00007ffdec2f0000 - 0x00007ffdec2f7000 	C:\Windows\system32\PSAPI.DLL
0x00007ffdeb920000 - 0x00007ffdeb97a000 	C:\Windows\system32\WS2_32.dll
0x00007ffde5e10000 - 0x00007ffde5e3a000 	C:\Windows\SYSTEM32\WINMMBASE.dll
0x00007ffdea140000 - 0x00007ffdea149000 	C:\Windows\system32\NSI.dll
0x00007ffde9960000 - 0x00007ffde99af000 	C:\Windows\SYSTEM32\cfgmgr32.dll
0x00007ffde84d0000 - 0x00007ffde84f8000 	C:\Windows\SYSTEM32\DEVOBJ.dll
0x000000005c950000 - 0x000000005c95f000 	C:\Program Files\Java\jdk1.8.0_60\jre\bin\verify.dll
0x000000005c920000 - 0x000000005c949000 	C:\Program Files\Java\jdk1.8.0_60\jre\bin\java.dll
0x000000005c900000 - 0x000000005c916000 	C:\Program Files\Java\jdk1.8.0_60\jre\bin\zip.dll

VM Arguments:
java_command: D:\Documentos\NetBeansProjects\minierp\target\surefire\surefirebooter8669982134748017909.jar D:\Documentos\NetBeansProjects\minierp\target\surefire\surefire3718440957557996523tmp D:\Documentos\NetBeansProjects\minierp\target\surefire\surefire5237002490984550021tmp
java_class_path (initial): D:\Documentos\NetBeansProjects\minierp\target\surefire\surefirebooter8669982134748017909.jar
Launcher Type: SUN_STANDARD

Environment Variables:
JAVA_HOME=C:\Program Files\Java\jdk1.8.0_60
PATH=C:\PROGRAMDATA\ORACLE\JAVA\JAVAPATH;C:\PROGRAM FILES (X86)\INTEL\ICLS CLIENT\;C:\PROGRAM FILES\INTEL\ICLS CLIENT\;C:\PROGRAM FILES\BROADCOM\BROADCOM 802.11 NETWORK ADAPTER;C:\WINDOWS\SYSTEM32;C:\WINDOWS;C:\WINDOWS\SYSTEM32\WBEM;C:\WINDOWS\SYSTEM32\WINDOWSPOWERSHELL\V1.0\;C:\PROGRAM FILES\INTEL\INTEL(R) MANAGEMENT ENGINE COMPONENTS\DAL;C:\PROGRAM FILES\INTEL\INTEL(R) MANAGEMENT ENGINE COMPONENTS\IPT;C:\PROGRAM FILES (X86)\INTEL\INTEL(R) MANAGEMENT ENGINE COMPONENTS\DAL;C:\PROGRAM FILES (X86)\INTEL\INTEL(R) MANAGEMENT ENGINE COMPONENTS\IPT;C:\USERS\CHRISTIAN\.DNX\BIN;C:\PROGRAM FILES\MICROSOFT DNX\DNVM\;C:\PROGRAM FILES\MATLAB\R2013B\RUNTIME\WIN64;C:\PROGRAM FILES\MATLAB\R2013B\BIN;C:\PROGRAM FILES\MATLAB\R2013B\POLYSPACE\BIN;C:\MINGW64\MINGW64\BIN;C:\OPENCV-INSTALL\BIN;C:\PROGRAM FILES\JAVA\JDK1.8.0_60\BIN;C:\Program Files\WIDCOMM\Bluetooth Software\;C:\Program Files\WIDCOMM\Bluetooth Software\syswow64;C:/Program Files/PostgreSQL/9.4\bin;C:\ZEUS\lib\zeus.jar;C:\ZEUS\lib\gnu-regexp.jar;C:\ZEUS\lib\icu4j.jar;C:\ZEUS\lib\sl.jar;C:\ZEUS\lib\jaxb-rt-1.0-ea.jar;C:\ZEUS\lib\jaxb-xjc-1.0-ea.jar;C:\ZEUS\lin\xerces.jar;C:\ZEUS\lib\ant.jar;C:\Program Files (x86)\Zeus\lib\zeus.jar;C:\Program Files (x86)\Zeus\lib\gnu-regexp.jar;C:\Program Files (x86)\Zeus\lib\jade.jar;C:\Program Files (x86)\Zeus\lib\ant.jar
USERNAME=Christian
OS=Windows_NT
PROCESSOR_IDENTIFIER=Intel64 Family 6 Model 69 Stepping 1, GenuineIntel



---------------  S Y S T E M  ---------------

OS: Windows 8.1 , 64 bit Build 9600 (6.3.9600.17415)

CPU:total 4 (2 cores per cpu, 2 threads per core) family 6 model 69 stepping 1, cmov, cx8, fxsr, mmx, sse, sse2, sse3, ssse3, sse4.1, sse4.2, popcnt, avx, avx2, aes, clmul, erms, lzcnt, ht, tsc, tscinvbit, bmi1, bmi2

Memory: 4k page, physical 6172056k(815156k free), swap 6172056k(5096k free)

vm_info: Java HotSpot(TM) 64-Bit Server VM (25.60-b23) for windows-amd64 JRE (1.8.0_60-b27), built on Aug  4 2015 11:06:27 by "java_re" with MS VC++ 10.0 (VS2010)

time: Wed Nov 30 20:54:13 2016
elapsed time: 0 seconds (0d 0h 0m 0s)

