#
# There is insufficient memory for the Java Runtime Environment to continue.
# Native memory allocation (malloc) failed to allocate 1048576 bytes for AllocateHeap
# Possible reasons:
#   The system is out of physical RAM or swap space
#   In 32 bit mode, the process size limit was hit
# Possible solutions:
#   Reduce memory load on the system
#   Increase physical memory or swap space
#   Check if swap backing store is full
#   Use 64 bit Java on a 64 bit OS
#   Decrease Java heap size (-Xmx/-Xms)
#   Decrease number of Java threads
#   Decrease Java thread stack sizes (-Xss)
#   Set larger code cache with -XX:ReservedCodeCacheSize=
# This output file may be truncated or incomplete.
#
#  Out of Memory Error (memory/allocation.inline.hpp:61), pid=3616, tid=5172
#
# JRE version:  (8.0_60-b27) (build )
# Java VM: Java HotSpot(TM) 64-Bit Server VM (25.60-b23 mixed mode windows-amd64 compressed oops)
# Failed to write core dump. Minidumps are not enabled by default on client versions of Windows
#

---------------  T H R E A D  ---------------

Current thread (0x000000000291d800):  JavaThread "Unknown thread" [_thread_in_vm, id=5172, stack(0x0000000002a60000,0x0000000002b60000)]

Stack: [0x0000000002a60000,0x0000000002b60000]
[error occurred during error reporting (printing stack bounds), id 0xc0000005]

Native frames: (J=compiled Java code, j=interpreted, Vv=VM code, C=native code)


---------------  P R O C E S S  ---------------

Java Threads: ( => current thread )

Other Threads:

=>0x000000000291d800 (exited) JavaThread "Unknown thread" [_thread_in_vm, id=5172, stack(0x0000000002a60000,0x0000000002b60000)]

VM state:not at safepoint (normal execution)

VM Mutex/Monitor currently owned by a thread: None

Heap:
 PSYoungGen      total 28672K, used 491K [0x00000000e0980000, 0x00000000e2980000, 0x0000000100000000)
  eden space 24576K, 2% used [0x00000000e0980000,0x00000000e09fae20,0x00000000e2180000)
  from space 4096K, 0% used [0x00000000e2580000,0x00000000e2580000,0x00000000e2980000)
  to   space 4096K, 0% used [0x00000000e2180000,0x00000000e2180000,0x00000000e2580000)
 ParOldGen       total 65536K, used 0K [0x00000000a1c00000, 0x00000000a5c00000, 0x00000000e0980000)
  object space 65536K, 0% used [0x00000000a1c00000,0x00000000a1c00000,0x00000000a5c00000)
 Metaspace       used 767K, capacity 4480K, committed 4480K, reserved 1056768K
  class space    used 75K, capacity 384K, committed 384K, reserved 1048576K

Card table byte_map: [0x0000000012020000,0x0000000012320000] byte_map_base: 0x0000000011b12000

Marking Bits: (ParMarkBitMap*) 0x00000000609fa5b0
 Begin Bits: [0x0000000012920000, 0x00000000140b0000)
 End Bits:   [0x00000000140b0000, 0x0000000015840000)

Polling page: 0x0000000001310000

CodeCache: size=245760Kb used=328Kb max_used=328Kb free=245431Kb
 bounds [0x0000000002c60000, 0x0000000002ed0000, 0x0000000011c60000]
 total_blobs=57 nmethods=0 adapters=37
 compilation: enabled

Compilation events (0 events):
No events

GC Heap History (0 events):
No events

Deoptimization events (0 events):
No events

Internal exceptions (0 events):
No events

Events (10 events):
Event: 0.038 loading class java/lang/Short
Event: 0.039 loading class java/lang/Short done
Event: 0.039 loading class java/lang/Integer
Event: 0.039 loading class java/lang/Integer done
Event: 0.039 loading class java/lang/Long
Event: 0.039 loading class java/lang/Long done
Event: 0.039 loading class java/lang/NullPointerException
Event: 0.039 loading class java/lang/NullPointerException done
Event: 0.039 loading class java/lang/ArithmeticException
Event: 0.039 loading class java/lang/ArithmeticException done


Dynamic libraries:
0x00007ff7ad480000 - 0x00007ff7ad4b7000 	C:\Program Files\Java\jdk1.8.0_60\jre\bin\java.exe
0x00007ff881c40000 - 0x00007ff881dec000 	C:\Windows\SYSTEM32\ntdll.dll
0x00007ff87f4b0000 - 0x00007ff87f5ee000 	C:\Windows\system32\KERNEL32.DLL
0x00007ff87f150000 - 0x00007ff87f265000 	C:\Windows\system32\KERNELBASE.dll
0x00007ff87d850000 - 0x00007ff87d8de000 	C:\Windows\system32\apphelp.dll
0x00007ff873740000 - 0x00007ff873793000 	C:\Windows\AppPatch\AppPatch64\AcGenral.DLL
0x00007ff87f320000 - 0x00007ff87f3ca000 	C:\Windows\system32\msvcrt.dll
0x00007ff87eb60000 - 0x00007ff87eb8e000 	C:\Windows\SYSTEM32\SspiCli.dll
0x00007ff881be0000 - 0x00007ff881c34000 	C:\Windows\system32\SHLWAPI.dll
0x00007ff87fb70000 - 0x00007ff87fce7000 	C:\Windows\system32\USER32.dll
0x00007ff87f9d0000 - 0x00007ff87fb64000 	C:\Windows\system32\ole32.dll
0x00007ff880610000 - 0x00007ff881b3b000 	C:\Windows\system32\SHELL32.dll
0x00007ff87e330000 - 0x00007ff87e351000 	C:\Windows\SYSTEM32\USERENV.dll
0x00007ff880180000 - 0x00007ff88022a000 	C:\Windows\system32\ADVAPI32.dll
0x00007ff875ac0000 - 0x00007ff875ade000 	C:\Windows\SYSTEM32\MPR.dll
0x00007ff87f5f0000 - 0x00007ff87f731000 	C:\Windows\system32\RPCRT4.dll
0x00007ff881b40000 - 0x00007ff881b99000 	C:\Windows\SYSTEM32\sechost.dll
0x00007ff87f7b0000 - 0x00007ff87f9c1000 	C:\Windows\SYSTEM32\combase.dll
0x00007ff880030000 - 0x00007ff88017f000 	C:\Windows\system32\GDI32.dll
0x00007ff87ed90000 - 0x00007ff87eda5000 	C:\Windows\SYSTEM32\profapi.dll
0x00007ff87d8f0000 - 0x00007ff87d9a2000 	C:\Windows\SYSTEM32\SHCORE.dll
0x00007ff881ba0000 - 0x00007ff881bd6000 	C:\Windows\system32\IMM32.DLL
0x00007ff87fed0000 - 0x00007ff880022000 	C:\Windows\system32\MSCTF.dll
0x00007ff87be80000 - 0x00007ff87c0fb000 	C:\Windows\WinSxS\amd64_microsoft.windows.common-controls_6595b64144ccf1df_6.0.9600.18006_none_623f33d3ecbe86e8\COMCTL32.dll
0x00000000617d0000 - 0x00000000618a2000 	C:\Program Files\Java\jdk1.8.0_60\jre\bin\msvcr100.dll
0x00000000601f0000 - 0x0000000060a79000 	C:\Program Files\Java\jdk1.8.0_60\jre\bin\server\jvm.dll
0x00007ff876150000 - 0x00007ff876159000 	C:\Windows\SYSTEM32\WSOCK32.dll
0x00007ff87c480000 - 0x00007ff87c4a2000 	C:\Windows\SYSTEM32\WINMM.dll
0x00007ff87ca50000 - 0x00007ff87ca5a000 	C:\Windows\SYSTEM32\VERSION.dll
0x00007ff8802a0000 - 0x00007ff8802a7000 	C:\Windows\system32\PSAPI.DLL
0x00007ff87f2c0000 - 0x00007ff87f31a000 	C:\Windows\system32\WS2_32.dll
0x00007ff87bd90000 - 0x00007ff87bdba000 	C:\Windows\SYSTEM32\WINMMBASE.dll
0x00007ff8802d0000 - 0x00007ff8802d9000 	C:\Windows\system32\NSI.dll
0x00007ff87f270000 - 0x00007ff87f2bf000 	C:\Windows\SYSTEM32\cfgmgr32.dll
0x00007ff87db90000 - 0x00007ff87dbb8000 	C:\Windows\SYSTEM32\DEVOBJ.dll
0x0000000061780000 - 0x000000006178f000 	C:\Program Files\Java\jdk1.8.0_60\jre\bin\verify.dll
0x0000000061750000 - 0x0000000061779000 	C:\Program Files\Java\jdk1.8.0_60\jre\bin\java.dll
0x0000000061730000 - 0x0000000061746000 	C:\Program Files\Java\jdk1.8.0_60\jre\bin\zip.dll

VM Arguments:
java_command: D:\Documentos\NetBeansProjects\minierp\target\surefire\surefirebooter341253630793578622.jar D:\Documentos\NetBeansProjects\minierp\target\surefire\surefire587686217206686699tmp D:\Documentos\NetBeansProjects\minierp\target\surefire\surefire3059012632570780909tmp
java_class_path (initial): D:\Documentos\NetBeansProjects\minierp\target\surefire\surefirebooter341253630793578622.jar
Launcher Type: SUN_STANDARD

Environment Variables:
JAVA_HOME=C:\Program Files\Java\jdk1.8.0_60
PATH=C:\PROGRAMDATA\ORACLE\JAVA\JAVAPATH;C:\PROGRAM FILES (X86)\INTEL\ICLS CLIENT\;C:\PROGRAM FILES\INTEL\ICLS CLIENT\;C:\PROGRAM FILES\BROADCOM\BROADCOM 802.11 NETWORK ADAPTER;C:\WINDOWS\SYSTEM32;C:\WINDOWS;C:\WINDOWS\SYSTEM32\WBEM;C:\WINDOWS\SYSTEM32\WINDOWSPOWERSHELL\V1.0\;C:\PROGRAM FILES\INTEL\INTEL(R) MANAGEMENT ENGINE COMPONENTS\DAL;C:\PROGRAM FILES\INTEL\INTEL(R) MANAGEMENT ENGINE COMPONENTS\IPT;C:\PROGRAM FILES (X86)\INTEL\INTEL(R) MANAGEMENT ENGINE COMPONENTS\DAL;C:\PROGRAM FILES (X86)\INTEL\INTEL(R) MANAGEMENT ENGINE COMPONENTS\IPT;C:\USERS\CHRISTIAN\.DNX\BIN;C:\PROGRAM FILES\MICROSOFT DNX\DNVM\;C:\PROGRAM FILES\MATLAB\R2013B\RUNTIME\WIN64;C:\PROGRAM FILES\MATLAB\R2013B\BIN;C:\PROGRAM FILES\MATLAB\R2013B\POLYSPACE\BIN;C:\MINGW64\MINGW64\BIN;C:\OPENCV-INSTALL\BIN;C:\PROGRAM FILES\JAVA\JDK1.8.0_60\BIN;C:\Program Files\WIDCOMM\Bluetooth Software\;C:\Program Files\WIDCOMM\Bluetooth Software\syswow64;C:/Program Files/PostgreSQL/9.4\bin;C:\ZEUS\lib\zeus.jar;C:\ZEUS\lib\gnu-regexp.jar;C:\ZEUS\lib\icu4j.jar;C:\ZEUS\lib\sl.jar;C:\ZEUS\lib\jaxb-rt-1.0-ea.jar;C:\ZEUS\lib\jaxb-xjc-1.0-ea.jar;C:\ZEUS\lin\xerces.jar;C:\ZEUS\lib\ant.jar;C:\Program Files (x86)\Zeus\lib\zeus.jar;C:\Program Files (x86)\Zeus\lib\gnu-regexp.jar;C:\Apache24;C:\Apache24\bin;C:\php
USERNAME=Christian
OS=Windows_NT
PROCESSOR_IDENTIFIER=Intel64 Family 6 Model 69 Stepping 1, GenuineIntel



---------------  S Y S T E M  ---------------

OS: Windows 8.1 , 64 bit Build 9600 (6.3.9600.17415)

CPU:total 4 (2 cores per cpu, 2 threads per core) family 6 model 69 stepping 1, cmov, cx8, fxsr, mmx, sse, sse2, sse3, ssse3, sse4.1, sse4.2, popcnt, avx, avx2, aes, clmul, erms, lzcnt, ht, tsc, tscinvbit, bmi1, bmi2

Memory: 4k page, physical 6172056k(1077792k free), swap 6172056k(5792k free)

vm_info: Java HotSpot(TM) 64-Bit Server VM (25.60-b23) for windows-amd64 JRE (1.8.0_60-b27), built on Aug  4 2015 11:06:27 by "java_re" with MS VC++ 10.0 (VS2010)

time: Wed Mar 08 01:57:53 2017
elapsed time: 0 seconds (0d 0h 0m 0s)

