#
# There is insufficient memory for the Java Runtime Environment to continue.
# Native memory allocation (malloc) failed to allocate 2111536 bytes for Chunk::new
# Possible reasons:
#   The system is out of physical RAM or swap space
#   In 32 bit mode, the process size limit was hit
# Possible solutions:
#   Reduce memory load on the system
#   Increase physical memory or swap space
#   Check if swap backing store is full
#   Use 64 bit Java on a 64 bit OS
#   Decrease Java heap size (-Xmx/-Xms)
#   Decrease number of Java threads
#   Decrease Java thread stack sizes (-Xss)
#   Set larger code cache with -XX:ReservedCodeCacheSize=
# This output file may be truncated or incomplete.
#
#  Out of Memory Error (allocation.cpp:390), pid=2640, tid=1436
#
# JRE version: Java(TM) SE Runtime Environment (8.0_60-b27) (build 1.8.0_60-b27)
# Java VM: Java HotSpot(TM) 64-Bit Server VM (25.60-b23 mixed mode windows-amd64 compressed oops)
# Failed to write core dump. Minidumps are not enabled by default on client versions of Windows
#

---------------  T H R E A D  ---------------

Current thread (0x0000000015beb800):  JavaThread "C2 CompilerThread0" daemon [_thread_in_native, id=1436, stack(0x0000000017450000,0x0000000017550000)]

Stack: [0x0000000017450000,0x0000000017550000]
[error occurred during error reporting (printing stack bounds), id 0xc0000005]

Native frames: (J=compiled Java code, j=interpreted, Vv=VM code, C=native code)


Current CompileTask:
C2:  18653 7101   !   4       java.net.URLClassLoader$1::run (63 bytes)


---------------  P R O C E S S  ---------------

Java Threads: ( => current thread )
  0x0000000018571000 JavaThread "resolver-4" daemon [_thread_blocked, id=4540, stack(0x000000001eaa0000,0x000000001eba0000)]
  0x0000000018574000 JavaThread "resolver-3" daemon [_thread_blocked, id=6404, stack(0x000000001d5e0000,0x000000001d6e0000)]
  0x0000000018573800 JavaThread "resolver-2" daemon [_thread_blocked, id=1612, stack(0x000000001d270000,0x000000001d370000)]
  0x0000000018572800 JavaThread "resolver-1" daemon [_thread_blocked, id=5524, stack(0x000000001bcc0000,0x000000001bdc0000)]
  0x000000001777d000 JavaThread "Service Thread" daemon [_thread_blocked, id=7008, stack(0x0000000017b50000,0x0000000017c50000)]
  0x0000000015bfb800 JavaThread "C1 CompilerThread2" daemon [_thread_blocked, id=2720, stack(0x0000000017650000,0x0000000017750000)]
  0x0000000015bf1000 JavaThread "C2 CompilerThread1" daemon [_thread_in_native, id=7132, stack(0x0000000017550000,0x0000000017650000)]
=>0x0000000015beb800 JavaThread "C2 CompilerThread0" daemon [_thread_in_native, id=1436, stack(0x0000000017450000,0x0000000017550000)]
  0x0000000015bea000 JavaThread "Attach Listener" daemon [_thread_blocked, id=6220, stack(0x0000000017350000,0x0000000017450000)]
  0x0000000015be9000 JavaThread "Signal Dispatcher" daemon [_thread_blocked, id=6432, stack(0x0000000017250000,0x0000000017350000)]
  0x0000000002368000 JavaThread "Finalizer" daemon [_thread_blocked, id=7052, stack(0x0000000016e40000,0x0000000016f40000)]
  0x000000000235f000 JavaThread "Reference Handler" daemon [_thread_blocked, id=5588, stack(0x0000000016d40000,0x0000000016e40000)]
  0x000000000226e000 JavaThread "main" [_thread_in_native, id=5728, stack(0x0000000002100000,0x0000000002200000)]

Other Threads:
  0x0000000015bb8800 VMThread [stack: 0x0000000016c40000,0x0000000016d40000] [id=6120]
  0x0000000017798800 WatcherThread [stack: 0x0000000017c50000,0x0000000017d50000] [id=6604]

VM state:not at safepoint (normal execution)

VM Mutex/Monitor currently owned by a thread: None

Heap:
 PSYoungGen      total 209408K, used 108650K [0x00000000e0980000, 0x00000000f3580000, 0x0000000100000000)
  eden space 184320K, 45% used [0x00000000e0980000,0x00000000e5b1c8c0,0x00000000ebd80000)
  from space 25088K, 99% used [0x00000000ebd80000,0x00000000ed5fe328,0x00000000ed600000)
  to   space 33280K, 0% used [0x00000000f1500000,0x00000000f1500000,0x00000000f3580000)
 ParOldGen       total 92672K, used 49766K [0x00000000a1c00000, 0x00000000a7680000, 0x00000000e0980000)
  object space 92672K, 53% used [0x00000000a1c00000,0x00000000a4c99b20,0x00000000a7680000)
 Metaspace       used 28935K, capacity 29634K, committed 29824K, reserved 1075200K
  class space    used 3168K, capacity 3406K, committed 3456K, reserved 1048576K

Card table byte_map: [0x0000000011730000,0x0000000011a30000] byte_map_base: 0x0000000011222000

Marking Bits: (ParMarkBitMap*) 0x000000005129a5b0
 Begin Bits: [0x0000000012030000, 0x00000000137c0000)
 End Bits:   [0x00000000137c0000, 0x0000000014f50000)

Polling page: 0x00000000009a0000

CodeCache: size=245760Kb used=20937Kb max_used=21049Kb free=224822Kb
 bounds [0x0000000002370000, 0x0000000003830000, 0x0000000011370000]
 total_blobs=6306 nmethods=5886 adapters=331
 compilation: enabled

Compilation events (10 events):
Event: 18.344 Thread 0x0000000015bfb800 7117       3       org.codehaus.plexus.util.SelectorUtils::equals (37 bytes)
Event: 18.344 Thread 0x0000000015bfb800 nmethod 7117 0x000000000260b950 code [0x000000000260bae0, 0x000000000260bdf8]
Event: 18.390 Thread 0x0000000015bfb800 7118       3       org.codehaus.plexus.util.MatchPatterns::matches (57 bytes)
Event: 18.391 Thread 0x0000000015bfb800 nmethod 7118 0x0000000002517b50 code [0x0000000002517d40, 0x00000000025185e8]
Event: 18.465 Thread 0x0000000015bfb800 7120       3       org.codehaus.plexus.util.MatchPattern::tokenizePathToString (58 bytes)
Event: 18.466 Thread 0x0000000015bfb800 nmethod 7120 0x0000000002846790 code [0x00000000028469c0, 0x0000000002847728]
Event: 18.466 Thread 0x0000000015bfb800 7121       1       org.codehaus.plexus.util.DirectoryScanner::isSelected (2 bytes)
Event: 18.467 Thread 0x0000000015bfb800 nmethod 7121 0x0000000003259890 code [0x00000000032599e0, 0x0000000003259af0]
Event: 18.563 Thread 0x0000000015bfb800 7124       3       java.lang.String::valueOf (18 bytes)
Event: 18.564 Thread 0x0000000015bfb800 nmethod 7124 0x00000000031967d0 code [0x0000000003196940, 0x0000000003196c30]

GC Heap History (10 events):
Event: 3.865 GC heap before
{Heap before GC invocations=6 (full 0):
 PSYoungGen      total 53248K, used 53216K [0x00000000e0980000, 0x00000000e7880000, 0x0000000100000000)
  eden space 49152K, 100% used [0x00000000e0980000,0x00000000e3980000,0x00000000e3980000)
  from space 4096K, 99% used [0x00000000e3980000,0x00000000e3d78020,0x00000000e3d80000)
  to   space 7680K, 0% used [0x00000000e7100000,0x00000000e7100000,0x00000000e7880000)
 ParOldGen       total 65536K, used 6464K [0x00000000a1c00000, 0x00000000a5c00000, 0x00000000e0980000)
  object space 65536K, 9% used [0x00000000a1c00000,0x00000000a2250000,0x00000000a5c00000)
 Metaspace       used 13287K, capacity 13618K, committed 13696K, reserved 1060864K
  class space    used 1547K, capacity 1628K, committed 1664K, reserved 1048576K
Event: 3.883 GC heap after
Heap after GC invocations=6 (full 0):
 PSYoungGen      total 105984K, used 6080K [0x00000000e0980000, 0x00000000e7880000, 0x0000000100000000)
  eden space 98304K, 0% used [0x00000000e0980000,0x00000000e0980000,0x00000000e6980000)
  from space 7680K, 79% used [0x00000000e7100000,0x00000000e76f0020,0x00000000e7880000)
  to   space 7680K, 0% used [0x00000000e6980000,0x00000000e6980000,0x00000000e7100000)
 ParOldGen       total 65536K, used 6464K [0x00000000a1c00000, 0x00000000a5c00000, 0x00000000e0980000)
  object space 65536K, 9% used [0x00000000a1c00000,0x00000000a2250000,0x00000000a5c00000)
 Metaspace       used 13287K, capacity 13618K, committed 13696K, reserved 1060864K
  class space    used 1547K, capacity 1628K, committed 1664K, reserved 1048576K
}
Event: 8.598 GC heap before
{Heap before GC invocations=7 (full 0):
 PSYoungGen      total 105984K, used 104384K [0x00000000e0980000, 0x00000000e7880000, 0x0000000100000000)
  eden space 98304K, 100% used [0x00000000e0980000,0x00000000e6980000,0x00000000e6980000)
  from space 7680K, 79% used [0x00000000e7100000,0x00000000e76f0020,0x00000000e7880000)
  to   space 7680K, 0% used [0x00000000e6980000,0x00000000e6980000,0x00000000e7100000)
 ParOldGen       total 65536K, used 6464K [0x00000000a1c00000, 0x00000000a5c00000, 0x00000000e0980000)
  object space 65536K, 9% used [0x00000000a1c00000,0x00000000a2250000,0x00000000a5c00000)
 Metaspace       used 19234K, capacity 19760K, committed 19840K, reserved 1067008K
  class space    used 2290K, capacity 2422K, committed 2432K, reserved 1048576K
Event: 8.643 GC heap after
Heap after GC invocations=7 (full 0):
 PSYoungGen      total 105984K, used 7654K [0x00000000e0980000, 0x00000000ee280000, 0x0000000100000000)
  eden space 98304K, 0% used [0x00000000e0980000,0x00000000e0980000,0x00000000e6980000)
  from space 7680K, 99% used [0x00000000e6980000,0x00000000e70f98b8,0x00000000e7100000)
  to   space 12800K, 0% used [0x00000000ed600000,0x00000000ed600000,0x00000000ee280000)
 ParOldGen       total 65536K, used 14879K [0x00000000a1c00000, 0x00000000a5c00000, 0x00000000e0980000)
  object space 65536K, 22% used [0x00000000a1c00000,0x00000000a2a87c68,0x00000000a5c00000)
 Metaspace       used 19234K, capacity 19760K, committed 19840K, reserved 1067008K
  class space    used 2290K, capacity 2422K, committed 2432K, reserved 1048576K
}
Event: 10.078 GC heap before
{Heap before GC invocations=8 (full 0):
 PSYoungGen      total 105984K, used 95641K [0x00000000e0980000, 0x00000000ee280000, 0x0000000100000000)
  eden space 98304K, 89% used [0x00000000e0980000,0x00000000e5f6cbf8,0x00000000e6980000)
  from space 7680K, 99% used [0x00000000e6980000,0x00000000e70f98b8,0x00000000e7100000)
  to   space 12800K, 0% used [0x00000000ed600000,0x00000000ed600000,0x00000000ee280000)
 ParOldGen       total 65536K, used 14879K [0x00000000a1c00000, 0x00000000a5c00000, 0x00000000e0980000)
  object space 65536K, 22% used [0x00000000a1c00000,0x00000000a2a87c68,0x00000000a5c00000)
 Metaspace       used 20717K, capacity 21208K, committed 21248K, reserved 1069056K
  class space    used 2375K, capacity 2522K, committed 2560K, reserved 1048576K
Event: 10.178 GC heap after
Heap after GC invocations=8 (full 0):
 PSYoungGen      total 197120K, used 12796K [0x00000000e0980000, 0x00000000efa80000, 0x0000000100000000)
  eden space 184320K, 0% used [0x00000000e0980000,0x00000000e0980000,0x00000000ebd80000)
  from space 12800K, 99% used [0x00000000ed600000,0x00000000ee27f278,0x00000000ee280000)
  to   space 25088K, 0% used [0x00000000ebd80000,0x00000000ebd80000,0x00000000ed600000)
 ParOldGen       total 65536K, used 38847K [0x00000000a1c00000, 0x00000000a5c00000, 0x00000000e0980000)
  object space 65536K, 59% used [0x00000000a1c00000,0x00000000a41efcb0,0x00000000a5c00000)
 Metaspace       used 20717K, capacity 21208K, committed 21248K, reserved 1069056K
  class space    used 2375K, capacity 2522K, committed 2560K, reserved 1048576K
}
Event: 10.178 GC heap before
{Heap before GC invocations=9 (full 1):
 PSYoungGen      total 197120K, used 12796K [0x00000000e0980000, 0x00000000efa80000, 0x0000000100000000)
  eden space 184320K, 0% used [0x00000000e0980000,0x00000000e0980000,0x00000000ebd80000)
  from space 12800K, 99% used [0x00000000ed600000,0x00000000ee27f278,0x00000000ee280000)
  to   space 25088K, 0% used [0x00000000ebd80000,0x00000000ebd80000,0x00000000ed600000)
 ParOldGen       total 65536K, used 38847K [0x00000000a1c00000, 0x00000000a5c00000, 0x00000000e0980000)
  object space 65536K, 59% used [0x00000000a1c00000,0x00000000a41efcb0,0x00000000a5c00000)
 Metaspace       used 20717K, capacity 21208K, committed 21248K, reserved 1069056K
  class space    used 2375K, capacity 2522K, committed 2560K, reserved 1048576K
Event: 10.447 GC heap after
Heap after GC invocations=9 (full 1):
 PSYoungGen      total 197120K, used 0K [0x00000000e0980000, 0x00000000efa80000, 0x0000000100000000)
  eden space 184320K, 0% used [0x00000000e0980000,0x00000000e0980000,0x00000000ebd80000)
  from space 12800K, 0% used [0x00000000ed600000,0x00000000ed600000,0x00000000ee280000)
  to   space 25088K, 0% used [0x00000000ebd80000,0x00000000ebd80000,0x00000000ed600000)
 ParOldGen       total 92672K, used 40685K [0x00000000a1c00000, 0x00000000a7680000, 0x00000000e0980000)
  object space 92672K, 43% used [0x00000000a1c00000,0x00000000a43bb7f0,0x00000000a7680000)
 Metaspace       used 20717K, capacity 21208K, committed 21248K, reserved 1069056K
  class space    used 2375K, capacity 2522K, committed 2560K, reserved 1048576K
}
Event: 13.622 GC heap before
{Heap before GC invocations=10 (full 1):
 PSYoungGen      total 197120K, used 184320K [0x00000000e0980000, 0x00000000efa80000, 0x0000000100000000)
  eden space 184320K, 100% used [0x00000000e0980000,0x00000000ebd80000,0x00000000ebd80000)
  from space 12800K, 0% used [0x00000000ed600000,0x00000000ed600000,0x00000000ee280000)
  to   space 25088K, 0% used [0x00000000ebd80000,0x00000000ebd80000,0x00000000ed600000)
 ParOldGen       total 92672K, used 40685K [0x00000000a1c00000, 0x00000000a7680000, 0x00000000e0980000)
  object space 92672K, 43% used [0x00000000a1c00000,0x00000000a43bb7f0,0x00000000a7680000)
 Metaspace       used 25113K, capacity 25694K, committed 25984K, reserved 1073152K
  class space    used 2724K, capacity 2907K, committed 2944K, reserved 1048576K
Event: 13.689 GC heap after
Heap after GC invocations=10 (full 1):
 PSYoungGen      total 209408K, used 25080K [0x00000000e0980000, 0x00000000f3580000, 0x0000000100000000)
  eden space 184320K, 0% used [0x00000000e0980000,0x00000000e0980000,0x00000000ebd80000)
  from space 25088K, 99% used [0x00000000ebd80000,0x00000000ed5fe328,0x00000000ed600000)
  to   space 33280K, 0% used [0x00000000f1500000,0x00000000f1500000,0x00000000f3580000)
 ParOldGen       total 92672K, used 49766K [0x00000000a1c00000, 0x00000000a7680000, 0x00000000e0980000)
  object space 92672K, 53% used [0x00000000a1c00000,0x00000000a4c99b20,0x00000000a7680000)
 Metaspace       used 25113K, capacity 25694K, committed 25984K, reserved 1073152K
  class space    used 2724K, capacity 2907K, committed 2944K, reserved 1048576K
}

Deoptimization events (10 events):
Event: 16.147 Thread 0x000000000226e000 Uncommon trap: reason=unstable_if action=reinterpret pc=0x000000000304afa4 method=java.lang.StringCoding.safeTrim([CILjava/nio/charset/Charset;Z)[C @ 3
Event: 16.173 Thread 0x000000000226e000 Uncommon trap: reason=class_check action=maybe_recompile pc=0x00000000029ede54 method=java.util.AbstractList$Itr.hasNext()Z @ 8
Event: 16.173 Thread 0x000000000226e000 Uncommon trap: reason=class_check action=maybe_recompile pc=0x0000000002a05004 method=java.util.AbstractList$Itr.next()Ljava/lang/Object; @ 14
Event: 16.269 Thread 0x000000000226e000 Uncommon trap: reason=unstable_if action=reinterpret pc=0x0000000002e2c0dc method=java.util.StringTokenizer.setMaxDelimCodePoint()V @ 71
Event: 16.299 Thread 0x000000000226e000 Uncommon trap: reason=unstable_if action=reinterpret pc=0x0000000003802690 method=java.util.zip.DeflaterOutputStream.deflate()V @ 19
Event: 17.114 Thread 0x000000000226e000 Uncommon trap: reason=unstable_if action=reinterpret pc=0x00000000037ce480 method=java.util.regex.Matcher.search(I)Z @ 30
Event: 17.800 Thread 0x000000000226e000 Uncommon trap: reason=unstable_if action=reinterpret pc=0x0000000002c45a78 method=java.util.Properties$LineReader.readLine()I @ 246
Event: 17.808 Thread 0x000000000226e000 Uncommon trap: reason=unstable_if action=reinterpret pc=0x00000000029f4c0c method=java.lang.reflect.Field.get(Ljava/lang/Object;)Ljava/lang/Object; @ 4
Event: 17.839 Thread 0x000000000226e000 Uncommon trap: reason=unstable_if action=reinterpret pc=0x00000000035af004 method=java.util.ArrayList.toArray([Ljava/lang/Object;)[Ljava/lang/Object; @ 48
Event: 18.155 Thread 0x000000000226e000 Uncommon trap: reason=unstable_if action=reinterpret pc=0x0000000002b2b32c method=java.util.regex.Pattern.compile()V @ 320

Internal exceptions (10 events):
Event: 11.248 Thread 0x000000000226e000 Exception <a 'java/io/FileNotFoundException'> (0x00000000e475c140) thrown at [C:\re\workspace\8-2-build-windows-amd64-cygwin\jdk8u60\4407\hotspot\src\share\vm\prims\jni.cpp, line 709]
Event: 11.249 Thread 0x000000000226e000 Implicit null exception at 0x0000000002e99010 to 0x0000000002e99101
Event: 11.332 Thread 0x000000000226e000 Implicit null exception at 0x00000000030985fc to 0x00000000030988bd
Event: 15.860 Thread 0x000000000226e000 Exception <a 'java/lang/NoClassDefFoundError': org/slf4j/Logger> (0x00000000e2c93428) thrown at [C:\re\workspace\8-2-build-windows-amd64-cygwin\jdk8u60\4407\hotspot\src\share\vm\oops\constantPool.cpp, line 235]
Event: 15.861 Thread 0x000000000226e000 Implicit null exception at 0x00000000034fe07b to 0x00000000034fe56d
Event: 16.114 Thread 0x000000000226e000 Implicit null exception at 0x00000000037c1a23 to 0x00000000037c1e49
Event: 17.619 Thread 0x000000000226e000 Exception <a 'java/lang/NoClassDefFoundError': org/slf4j/Logger> (0x00000000e4d8a5b0) thrown at [C:\re\workspace\8-2-build-windows-amd64-cygwin\jdk8u60\4407\hotspot\src\share\vm\oops\constantPool.cpp, line 235]
Event: 17.799 Thread 0x000000000226e000 Exception <a 'java/io/FileNotFoundException'> (0x00000000e50351a0) thrown at [C:\re\workspace\8-2-build-windows-amd64-cygwin\jdk8u60\4407\hotspot\src\share\vm\prims\jni.cpp, line 709]
Event: 17.838 Thread 0x000000000226e000 Exception <a 'java/lang/NoSuchFieldError': method resolution failed> (0x00000000e50ffb68) thrown at [C:\re\workspace\8-2-build-windows-amd64-cygwin\jdk8u60\4407\hotspot\src\share\vm\prims\methodHandles.cpp, line 1146]
Event: 17.840 Thread 0x000000000226e000 Exception <a 'java/lang/NoSuchFieldError': method resolution failed> (0x00000000e510d5f8) thrown at [C:\re\workspace\8-2-build-windows-amd64-cygwin\jdk8u60\4407\hotspot\src\share\vm\prims\methodHandles.cpp, line 1146]

Events (10 events):
Event: 18.564 loading class org/apache/maven/plugin/war/packaging/AbstractWarPackagingTask$1
Event: 18.564 loading class org/apache/maven/plugin/war/packaging/AbstractWarPackagingTask$1 done
Event: 18.565 loading class org/codehaus/plexus/util/FileUtils
Event: 18.565 loading class org/codehaus/plexus/util/FileUtils done
Event: 18.565 loading class org/codehaus/plexus/util/FileUtils
Event: 18.565 loading class org/codehaus/plexus/util/FileUtils done
Event: 18.568 loading class org/codehaus/plexus/util/io/InputStreamFacade
Event: 18.568 loading class org/codehaus/plexus/util/io/InputStreamFacade done
Event: 18.568 loading class org/codehaus/plexus/util/io/InputStreamFacade
Event: 18.568 loading class org/codehaus/plexus/util/io/InputStreamFacade done


Dynamic libraries:
0x00007ff7ddf80000 - 0x00007ff7ddfb7000 	C:\Program Files\Java\jdk1.8.0_60\bin\java.exe
0x00007ff926bc0000 - 0x00007ff926d6c000 	C:\Windows\SYSTEM32\ntdll.dll
0x00007ff926960000 - 0x00007ff926a9e000 	C:\Windows\system32\KERNEL32.DLL
0x00007ff924120000 - 0x00007ff924235000 	C:\Windows\system32\KERNELBASE.dll
0x00007ff9227d0000 - 0x00007ff92285e000 	C:\Windows\system32\apphelp.dll
0x00007ff913810000 - 0x00007ff913863000 	C:\Windows\AppPatch\AppPatch64\AcGenral.DLL
0x00007ff924330000 - 0x00007ff9243da000 	C:\Windows\system32\msvcrt.dll
0x00007ff923ae0000 - 0x00007ff923b0e000 	C:\Windows\SYSTEM32\SspiCli.dll
0x00007ff924710000 - 0x00007ff924764000 	C:\Windows\system32\SHLWAPI.dll
0x00007ff924440000 - 0x00007ff9245b7000 	C:\Windows\system32\USER32.dll
0x00007ff924b20000 - 0x00007ff924cb4000 	C:\Windows\system32\ole32.dll
0x00007ff924e70000 - 0x00007ff92639b000 	C:\Windows\system32\SHELL32.dll
0x00007ff9232b0000 - 0x00007ff9232d1000 	C:\Windows\SYSTEM32\USERENV.dll
0x00007ff926b10000 - 0x00007ff926bba000 	C:\Windows\system32\ADVAPI32.dll
0x00007ff91b8e0000 - 0x00007ff91b8fe000 	C:\Windows\SYSTEM32\MPR.dll
0x00007ff9245c0000 - 0x00007ff924701000 	C:\Windows\system32\RPCRT4.dll
0x00007ff9243e0000 - 0x00007ff924439000 	C:\Windows\SYSTEM32\sechost.dll
0x00007ff924900000 - 0x00007ff924b11000 	C:\Windows\SYSTEM32\combase.dll
0x00007ff924770000 - 0x00007ff9248bf000 	C:\Windows\system32\GDI32.dll
0x00007ff923d10000 - 0x00007ff923d25000 	C:\Windows\SYSTEM32\profapi.dll
0x00007ff922870000 - 0x00007ff922922000 	C:\Windows\SYSTEM32\SHCORE.dll
0x00007ff9248c0000 - 0x00007ff9248f6000 	C:\Windows\system32\IMM32.DLL
0x00007ff9264f0000 - 0x00007ff926642000 	C:\Windows\system32\MSCTF.dll
0x00007ff9212f0000 - 0x00007ff92156b000 	C:\Windows\WinSxS\amd64_microsoft.windows.common-controls_6595b64144ccf1df_6.0.9600.18006_none_623f33d3ecbe86e8\COMCTL32.dll
0x0000000052030000 - 0x0000000052102000 	C:\Program Files\Java\jdk1.8.0_60\jre\bin\msvcr100.dll
0x0000000050a90000 - 0x0000000051319000 	C:\Program Files\Java\jdk1.8.0_60\jre\bin\server\jvm.dll
0x00007ff91aec0000 - 0x00007ff91aec9000 	C:\Windows\SYSTEM32\WSOCK32.dll
0x00007ff9212c0000 - 0x00007ff9212e2000 	C:\Windows\SYSTEM32\WINMM.dll
0x00007ff921570000 - 0x00007ff92157a000 	C:\Windows\SYSTEM32\VERSION.dll
0x00007ff9263b0000 - 0x00007ff9263b7000 	C:\Windows\system32\PSAPI.DLL
0x00007ff926900000 - 0x00007ff92695a000 	C:\Windows\system32\WS2_32.dll
0x00007ff920e80000 - 0x00007ff920eaa000 	C:\Windows\SYSTEM32\WINMMBASE.dll
0x00007ff9263a0000 - 0x00007ff9263a9000 	C:\Windows\system32\NSI.dll
0x00007ff9240d0000 - 0x00007ff92411f000 	C:\Windows\SYSTEM32\cfgmgr32.dll
0x00007ff922bd0000 - 0x00007ff922bf8000 	C:\Windows\SYSTEM32\DEVOBJ.dll
0x0000000052480000 - 0x000000005248f000 	C:\Program Files\Java\jdk1.8.0_60\jre\bin\verify.dll
0x0000000051fc0000 - 0x0000000051fe9000 	C:\Program Files\Java\jdk1.8.0_60\jre\bin\java.dll
0x0000000051fa0000 - 0x0000000051fb6000 	C:\Program Files\Java\jdk1.8.0_60\jre\bin\zip.dll
0x0000000050a70000 - 0x0000000050a8a000 	C:\Program Files\Java\jdk1.8.0_60\jre\bin\net.dll
0x00007ff923520000 - 0x00007ff923579000 	C:\Windows\system32\mswsock.dll
0x0000000050a50000 - 0x0000000050a61000 	C:\Program Files\Java\jdk1.8.0_60\jre\bin\nio.dll
0x00007ff923580000 - 0x00007ff9235a0000 	C:\Windows\SYSTEM32\CRYPTSP.dll
0x00007ff9231a0000 - 0x00007ff9231d6000 	C:\Windows\system32\rsaenh.dll
0x00007ff9237d0000 - 0x00007ff9237f6000 	C:\Windows\SYSTEM32\bcrypt.dll
0x00007ff923b10000 - 0x00007ff923b73000 	C:\Windows\system32\bcryptprimitives.dll
0x00007ff923c80000 - 0x00007ff923c8b000 	C:\Windows\SYSTEM32\CRYPTBASE.dll
0x00007ff920460000 - 0x00007ff92048a000 	C:\Windows\SYSTEM32\IPHLPAPI.DLL
0x00007ff91fa60000 - 0x00007ff91fa6a000 	C:\Windows\SYSTEM32\WINNSI.DLL
0x00007ff91de70000 - 0x00007ff91de86000 	C:\Windows\SYSTEM32\dhcpcsvc6.DLL
0x00007ff91f780000 - 0x00007ff91f79a000 	C:\Windows\SYSTEM32\dhcpcsvc.DLL
0x00000000508b0000 - 0x0000000050a48000 	C:\Program Files\Java\jdk1.8.0_60\jre\bin\awt.dll
0x00007ff924260000 - 0x00007ff924321000 	C:\Windows\system32\OLEAUT32.dll

VM Arguments:
jvm_args: -Dclassworlds.conf=C:\Program Files\NetBeans 8.1\java\maven\bin\m2.conf -Dmaven.home=C:\Program Files\NetBeans 8.1\java\maven 
java_command: org.codehaus.plexus.classworlds.launcher.Launcher -Dnetbeans.deploy=true -Dmaven.ext.class.path=C:\Program Files\NetBeans 8.1\java\maven-nblib\netbeans-eventspy.jar -Dfile.encoding=UTF-8 package
java_class_path (initial): C:\Program Files\NetBeans 8.1\java\maven\boot\plexus-classworlds-2.4.jar
Launcher Type: SUN_STANDARD

Environment Variables:
JAVA_HOME=C:\Program Files\Java\jdk1.8.0_60
PATH=C:\PROGRAMDATA\ORACLE\JAVA\JAVAPATH;C:\PROGRAM FILES (X86)\INTEL\ICLS CLIENT\;C:\PROGRAM FILES\INTEL\ICLS CLIENT\;C:\PROGRAM FILES\BROADCOM\BROADCOM 802.11 NETWORK ADAPTER;C:\WINDOWS\SYSTEM32;C:\WINDOWS;C:\WINDOWS\SYSTEM32\WBEM;C:\WINDOWS\SYSTEM32\WINDOWSPOWERSHELL\V1.0\;C:\PROGRAM FILES\INTEL\INTEL(R) MANAGEMENT ENGINE COMPONENTS\DAL;C:\PROGRAM FILES\INTEL\INTEL(R) MANAGEMENT ENGINE COMPONENTS\IPT;C:\PROGRAM FILES (X86)\INTEL\INTEL(R) MANAGEMENT ENGINE COMPONENTS\DAL;C:\PROGRAM FILES (X86)\INTEL\INTEL(R) MANAGEMENT ENGINE COMPONENTS\IPT;C:\USERS\CHRISTIAN\.DNX\BIN;C:\PROGRAM FILES\MICROSOFT DNX\DNVM\;C:\PROGRAM FILES\MATLAB\R2013B\RUNTIME\WIN64;C:\PROGRAM FILES\MATLAB\R2013B\BIN;C:\PROGRAM FILES\MATLAB\R2013B\POLYSPACE\BIN;C:\MINGW64\MINGW64\BIN;C:\OPENCV-INSTALL\BIN;C:\PROGRAM FILES\JAVA\JDK1.8.0_60\BIN;C:\Program Files\WIDCOMM\Bluetooth Software\;C:\Program Files\WIDCOMM\Bluetooth Software\syswow64;C:/Program Files/PostgreSQL/9.4\bin;C:\ZEUS\lib\zeus.jar;C:\ZEUS\lib\gnu-regexp.jar;C:\ZEUS\lib\icu4j.jar;C:\ZEUS\lib\sl.jar;C:\ZEUS\lib\jaxb-rt-1.0-ea.jar;C:\ZEUS\lib\jaxb-xjc-1.0-ea.jar;C:\ZEUS\lin\xerces.jar;C:\ZEUS\lib\ant.jar;C:\Program Files (x86)\Zeus\lib\zeus.jar;C:\Program Files (x86)\Zeus\lib\gnu-regexp.jar;C:\Apache24;C:\Apache24\bin;C:\php
USERNAME=Christian
OS=Windows_NT
PROCESSOR_IDENTIFIER=Intel64 Family 6 Model 69 Stepping 1, GenuineIntel



---------------  S Y S T E M  ---------------

OS: Windows 8.1 , 64 bit Build 9600 (6.3.9600.17415)

CPU:total 4 (2 cores per cpu, 2 threads per core) family 6 model 69 stepping 1, cmov, cx8, fxsr, mmx, sse, sse2, sse3, ssse3, sse4.1, sse4.2, popcnt, avx, avx2, aes, clmul, erms, lzcnt, ht, tsc, tscinvbit, bmi1, bmi2

Memory: 4k page, physical 6172056k(1013632k free), swap 6172056k(6424k free)

vm_info: Java HotSpot(TM) 64-Bit Server VM (25.60-b23) for windows-amd64 JRE (1.8.0_60-b27), built on Aug  4 2015 11:06:27 by "java_re" with MS VC++ 10.0 (VS2010)

time: Sat Mar 04 16:03:13 2017
elapsed time: 18 seconds (0d 0h 0m 18s)

