#
# There is insufficient memory for the Java Runtime Environment to continue.
# Native memory allocation (malloc) failed to allocate 32744 bytes for ChunkPool::allocate
# Possible reasons:
#   The system is out of physical RAM or swap space
#   In 32 bit mode, the process size limit was hit
# Possible solutions:
#   Reduce memory load on the system
#   Increase physical memory or swap space
#   Check if swap backing store is full
#   Use 64 bit Java on a 64 bit OS
#   Decrease Java heap size (-Xmx/-Xms)
#   Decrease number of Java threads
#   Decrease Java thread stack sizes (-Xss)
#   Set larger code cache with -XX:ReservedCodeCacheSize=
# This output file may be truncated or incomplete.
#
#  Out of Memory Error (allocation.cpp:273), pid=6168, tid=7088
#
# JRE version: Java(TM) SE Runtime Environment (8.0_60-b27) (build 1.8.0_60-b27)
# Java VM: Java HotSpot(TM) 64-Bit Server VM (25.60-b23 mixed mode windows-amd64 compressed oops)
# Failed to write core dump. Minidumps are not enabled by default on client versions of Windows
#

---------------  T H R E A D  ---------------

Current thread (0x0000000015b3b800):  JavaThread "C2 CompilerThread0" daemon [_thread_in_native, id=7088, stack(0x00000000173b0000,0x00000000174b0000)]

Stack: [0x00000000173b0000,0x00000000174b0000]
[error occurred during error reporting (printing stack bounds), id 0xc0000005]

Native frames: (J=compiled Java code, j=interpreted, Vv=VM code, C=native code)


Current CompileTask:
C2:  13642 3307   !   4       java.lang.ref.ReferenceQueue::enqueue (119 bytes)


---------------  P R O C E S S  ---------------

Java Threads: ( => current thread )
  0x00000000176d8800 JavaThread "Service Thread" daemon [_thread_blocked, id=5304, stack(0x0000000017ab0000,0x0000000017bb0000)]
  0x0000000015b47800 JavaThread "C1 CompilerThread2" daemon [_thread_blocked, id=5404, stack(0x00000000175b0000,0x00000000176b0000)]
  0x0000000015b41000 JavaThread "C2 CompilerThread1" daemon [_thread_in_vm, id=4984, stack(0x00000000174b0000,0x00000000175b0000)]
=>0x0000000015b3b800 JavaThread "C2 CompilerThread0" daemon [_thread_in_native, id=7088, stack(0x00000000173b0000,0x00000000174b0000)]
  0x0000000015b3a000 JavaThread "Attach Listener" daemon [_thread_blocked, id=5424, stack(0x00000000172b0000,0x00000000173b0000)]
  0x0000000015b39000 JavaThread "Signal Dispatcher" daemon [_thread_blocked, id=5848, stack(0x00000000171b0000,0x00000000172b0000)]
  0x00000000022b8000 JavaThread "Finalizer" daemon [_thread_blocked, id=2388, stack(0x0000000016da0000,0x0000000016ea0000)]
  0x00000000022af000 JavaThread "Reference Handler" daemon [_thread_blocked, id=7040, stack(0x0000000016ca0000,0x0000000016da0000)]
  0x000000000214e000 JavaThread "main" [_thread_in_native, id=5000, stack(0x0000000001fc0000,0x00000000020c0000)]

Other Threads:
  0x0000000015b08800 VMThread [stack: 0x0000000016ba0000,0x0000000016ca0000] [id=3080]
  0x000000001770e000 WatcherThread [stack: 0x0000000017bb0000,0x0000000017cb0000] [id=5824]

VM state:not at safepoint (normal execution)

VM Mutex/Monitor currently owned by a thread:  ([mutex/lock_event])
[0x00000000021c1dd0] CompiledIC_lock - owner thread: 0x0000000000000000

Heap:
 PSYoungGen      total 105984K, used 9626K [0x00000000e0980000, 0x00000000ee280000, 0x0000000100000000)
  eden space 98304K, 1% used [0x00000000e0980000,0x00000000e0b69958,0x00000000e6980000)
  from space 7680K, 99% used [0x00000000e6980000,0x00000000e70fd030,0x00000000e7100000)
  to   space 12800K, 0% used [0x00000000ed600000,0x00000000ed600000,0x00000000ee280000)
 ParOldGen       total 65536K, used 14647K [0x00000000a1c00000, 0x00000000a5c00000, 0x00000000e0980000)
  object space 65536K, 22% used [0x00000000a1c00000,0x00000000a2a4ddc8,0x00000000a5c00000)
 Metaspace       used 19300K, capacity 19760K, committed 19840K, reserved 1067008K
  class space    used 2296K, capacity 2422K, committed 2432K, reserved 1048576K

Card table byte_map: [0x0000000011680000,0x0000000011980000] byte_map_base: 0x0000000011172000

Marking Bits: (ParMarkBitMap*) 0x00000000609fa5b0
 Begin Bits: [0x0000000011f80000, 0x0000000013710000)
 End Bits:   [0x0000000013710000, 0x0000000014ea0000)

Polling page: 0x0000000000810000

CodeCache: size=245760Kb used=12058Kb max_used=12249Kb free=233701Kb
 bounds [0x00000000022c0000, 0x0000000002ed0000, 0x00000000112c0000]
 total_blobs=3556 nmethods=3194 adapters=274
 compilation: enabled

Compilation events (10 events):
Event: 13.604 Thread 0x0000000015b47800 3303       3       com.sun.tools.javac.util.IntHashTable::lookup (94 bytes)
Event: 13.605 Thread 0x0000000015b47800 nmethod 3303 0x0000000002ebe8d0 code [0x0000000002ebea40, 0x0000000002ebedb0]
Event: 13.605 Thread 0x0000000015b47800 3302       3       com.sun.tools.javac.util.IntHashTable::hash (5 bytes)
Event: 13.605 Thread 0x0000000015b47800 nmethod 3302 0x0000000002ebe550 code [0x0000000002ebe6c0, 0x0000000002ebe848]
Event: 13.605 Thread 0x0000000015b47800 3304       1       com.sun.tools.javac.util.List$1::isEmpty (2 bytes)
Event: 13.605 Thread 0x0000000015b47800 nmethod 3304 0x0000000002eba490 code [0x0000000002eba5e0, 0x0000000002eba6f0]
Event: 13.605 Thread 0x0000000015b47800 3305       1       com.sun.tools.javac.parser.Scanner::prevToken (5 bytes)
Event: 13.605 Thread 0x0000000015b47800 nmethod 3305 0x0000000002ebe290 code [0x0000000002ebe3e0, 0x0000000002ebe4f0]
Event: 13.637 Thread 0x0000000015b47800 3306   !   3       java.util.zip.ZipFile::close (223 bytes)
Event: 13.638 Thread 0x0000000015b3b800 3307   !   4       java.lang.ref.ReferenceQueue::enqueue (119 bytes)

GC Heap History (10 events):
Event: 1.507 GC heap before
{Heap before GC invocations=3 (full 0):
 PSYoungGen      total 28672K, used 28649K [0x00000000e0980000, 0x00000000e4180000, 0x0000000100000000)
  eden space 24576K, 100% used [0x00000000e0980000,0x00000000e2180000,0x00000000e2180000)
  from space 4096K, 99% used [0x00000000e2580000,0x00000000e297a6e8,0x00000000e2980000)
  to   space 4096K, 0% used [0x00000000e2180000,0x00000000e2180000,0x00000000e2580000)
 ParOldGen       total 65536K, used 573K [0x00000000a1c00000, 0x00000000a5c00000, 0x00000000e0980000)
  object space 65536K, 0% used [0x00000000a1c00000,0x00000000a1c8f7d0,0x00000000a5c00000)
 Metaspace       used 12198K, capacity 12460K, committed 12672K, reserved 1060864K
  class space    used 1493K, capacity 1550K, committed 1664K, reserved 1048576K
Event: 1.518 GC heap after
Heap after GC invocations=3 (full 0):
 PSYoungGen      total 28672K, used 4096K [0x00000000e0980000, 0x00000000e4180000, 0x0000000100000000)
  eden space 24576K, 0% used [0x00000000e0980000,0x00000000e0980000,0x00000000e2180000)
  from space 4096K, 100% used [0x00000000e2180000,0x00000000e2580000,0x00000000e2580000)
  to   space 4096K, 0% used [0x00000000e3d80000,0x00000000e3d80000,0x00000000e4180000)
 ParOldGen       total 65536K, used 2715K [0x00000000a1c00000, 0x00000000a5c00000, 0x00000000e0980000)
  object space 65536K, 4% used [0x00000000a1c00000,0x00000000a1ea6c70,0x00000000a5c00000)
 Metaspace       used 12198K, capacity 12460K, committed 12672K, reserved 1060864K
  class space    used 1493K, capacity 1550K, committed 1664K, reserved 1048576K
}
Event: 2.054 GC heap before
{Heap before GC invocations=4 (full 0):
 PSYoungGen      total 28672K, used 28672K [0x00000000e0980000, 0x00000000e4180000, 0x0000000100000000)
  eden space 24576K, 100% used [0x00000000e0980000,0x00000000e2180000,0x00000000e2180000)
  from space 4096K, 100% used [0x00000000e2180000,0x00000000e2580000,0x00000000e2580000)
  to   space 4096K, 0% used [0x00000000e3d80000,0x00000000e3d80000,0x00000000e4180000)
 ParOldGen       total 65536K, used 2715K [0x00000000a1c00000, 0x00000000a5c00000, 0x00000000e0980000)
  object space 65536K, 4% used [0x00000000a1c00000,0x00000000a1ea6c70,0x00000000a5c00000)
 Metaspace       used 12544K, capacity 12848K, committed 13184K, reserved 1060864K
  class space    used 1517K, capacity 1588K, committed 1664K, reserved 1048576K
Event: 2.068 GC heap after
Heap after GC invocations=4 (full 0):
 PSYoungGen      total 53248K, used 4064K [0x00000000e0980000, 0x00000000e4180000, 0x0000000100000000)
  eden space 49152K, 0% used [0x00000000e0980000,0x00000000e0980000,0x00000000e3980000)
  from space 4096K, 99% used [0x00000000e3d80000,0x00000000e4178020,0x00000000e4180000)
  to   space 4096K, 0% used [0x00000000e3980000,0x00000000e3980000,0x00000000e3d80000)
 ParOldGen       total 65536K, used 4201K [0x00000000a1c00000, 0x00000000a5c00000, 0x00000000e0980000)
  object space 65536K, 6% used [0x00000000a1c00000,0x00000000a201a5b0,0x00000000a5c00000)
 Metaspace       used 12544K, capacity 12848K, committed 13184K, reserved 1060864K
  class space    used 1517K, capacity 1588K, committed 1664K, reserved 1048576K
}
Event: 3.417 GC heap before
{Heap before GC invocations=5 (full 0):
 PSYoungGen      total 53248K, used 53216K [0x00000000e0980000, 0x00000000e4180000, 0x0000000100000000)
  eden space 49152K, 100% used [0x00000000e0980000,0x00000000e3980000,0x00000000e3980000)
  from space 4096K, 99% used [0x00000000e3d80000,0x00000000e4178020,0x00000000e4180000)
  to   space 4096K, 0% used [0x00000000e3980000,0x00000000e3980000,0x00000000e3d80000)
 ParOldGen       total 65536K, used 4201K [0x00000000a1c00000, 0x00000000a5c00000, 0x00000000e0980000)
  object space 65536K, 6% used [0x00000000a1c00000,0x00000000a201a5b0,0x00000000a5c00000)
 Metaspace       used 12942K, capacity 13276K, committed 13440K, reserved 1060864K
  class space    used 1534K, capacity 1622K, committed 1664K, reserved 1048576K
Event: 3.430 GC heap after
Heap after GC invocations=5 (full 0):
 PSYoungGen      total 53248K, used 4064K [0x00000000e0980000, 0x00000000e7880000, 0x0000000100000000)
  eden space 49152K, 0% used [0x00000000e0980000,0x00000000e0980000,0x00000000e3980000)
  from space 4096K, 99% used [0x00000000e3980000,0x00000000e3d78020,0x00000000e3d80000)
  to   space 7680K, 0% used [0x00000000e7100000,0x00000000e7100000,0x00000000e7880000)
 ParOldGen       total 65536K, used 6525K [0x00000000a1c00000, 0x00000000a5c00000, 0x00000000e0980000)
  object space 65536K, 9% used [0x00000000a1c00000,0x00000000a225f6a8,0x00000000a5c00000)
 Metaspace       used 12942K, capacity 13276K, committed 13440K, reserved 1060864K
  class space    used 1534K, capacity 1622K, committed 1664K, reserved 1048576K
}
Event: 4.517 GC heap before
{Heap before GC invocations=6 (full 0):
 PSYoungGen      total 53248K, used 53216K [0x00000000e0980000, 0x00000000e7880000, 0x0000000100000000)
  eden space 49152K, 100% used [0x00000000e0980000,0x00000000e3980000,0x00000000e3980000)
  from space 4096K, 99% used [0x00000000e3980000,0x00000000e3d78020,0x00000000e3d80000)
  to   space 7680K, 0% used [0x00000000e7100000,0x00000000e7100000,0x00000000e7880000)
 ParOldGen       total 65536K, used 6525K [0x00000000a1c00000, 0x00000000a5c00000, 0x00000000e0980000)
  object space 65536K, 9% used [0x00000000a1c00000,0x00000000a225f6a8,0x00000000a5c00000)
 Metaspace       used 13317K, capacity 13716K, committed 13952K, reserved 1060864K
  class space    used 1552K, capacity 1662K, committed 1664K, reserved 1048576K
Event: 4.527 GC heap after
Heap after GC invocations=6 (full 0):
 PSYoungGen      total 105984K, used 6016K [0x00000000e0980000, 0x00000000e7880000, 0x0000000100000000)
  eden space 98304K, 0% used [0x00000000e0980000,0x00000000e0980000,0x00000000e6980000)
  from space 7680K, 78% used [0x00000000e7100000,0x00000000e76e0000,0x00000000e7880000)
  to   space 7680K, 0% used [0x00000000e6980000,0x00000000e6980000,0x00000000e7100000)
 ParOldGen       total 65536K, used 6533K [0x00000000a1c00000, 0x00000000a5c00000, 0x00000000e0980000)
  object space 65536K, 9% used [0x00000000a1c00000,0x00000000a22616a8,0x00000000a5c00000)
 Metaspace       used 13317K, capacity 13716K, committed 13952K, reserved 1060864K
  class space    used 1552K, capacity 1662K, committed 1664K, reserved 1048576K
}
Event: 13.605 GC heap before
{Heap before GC invocations=7 (full 0):
 PSYoungGen      total 105984K, used 104320K [0x00000000e0980000, 0x00000000e7880000, 0x0000000100000000)
  eden space 98304K, 100% used [0x00000000e0980000,0x00000000e6980000,0x00000000e6980000)
  from space 7680K, 78% used [0x00000000e7100000,0x00000000e76e0000,0x00000000e7880000)
  to   space 7680K, 0% used [0x00000000e6980000,0x00000000e6980000,0x00000000e7100000)
 ParOldGen       total 65536K, used 6533K [0x00000000a1c00000, 0x00000000a5c00000, 0x00000000e0980000)
  object space 65536K, 9% used [0x00000000a1c00000,0x00000000a22616a8,0x00000000a5c00000)
 Metaspace       used 19297K, capacity 19760K, committed 19840K, reserved 1067008K
  class space    used 2296K, capacity 2422K, committed 2432K, reserved 1048576K
Event: 13.630 GC heap after
Heap after GC invocations=7 (full 0):
 PSYoungGen      total 105984K, used 7668K [0x00000000e0980000, 0x00000000ee280000, 0x0000000100000000)
  eden space 98304K, 0% used [0x00000000e0980000,0x00000000e0980000,0x00000000e6980000)
  from space 7680K, 99% used [0x00000000e6980000,0x00000000e70fd030,0x00000000e7100000)
  to   space 12800K, 0% used [0x00000000ed600000,0x00000000ed600000,0x00000000ee280000)
 ParOldGen       total 65536K, used 14647K [0x00000000a1c00000, 0x00000000a5c00000, 0x00000000e0980000)
  object space 65536K, 22% used [0x00000000a1c00000,0x00000000a2a4ddc8,0x00000000a5c00000)
 Metaspace       used 19297K, capacity 19760K, committed 19840K, reserved 1067008K
  class space    used 2296K, capacity 2422K, committed 2432K, reserved 1048576K
}

Deoptimization events (10 events):
Event: 13.430 Thread 0x000000000214e000 Uncommon trap: reason=class_check action=maybe_recompile pc=0x00000000028f0494 method=java.util.Hashtable.put(Ljava/lang/Object;Ljava/lang/Object;)Ljava/lang/Object; @ 18
Event: 13.430 Thread 0x000000000214e000 Uncommon trap: reason=class_check action=maybe_recompile pc=0x00000000028f0494 method=java.util.Hashtable.put(Ljava/lang/Object;Ljava/lang/Object;)Ljava/lang/Object; @ 18
Event: 13.430 Thread 0x000000000214e000 Uncommon trap: reason=class_check action=maybe_recompile pc=0x00000000028e80c8 method=java.util.Hashtable.addEntry(ILjava/lang/Object;Ljava/lang/Object;I)V @ 38
Event: 13.430 Thread 0x000000000214e000 Uncommon trap: reason=class_check action=maybe_recompile pc=0x00000000028f2344 method=java.util.Hashtable.get(Ljava/lang/Object;)Ljava/lang/Object; @ 6
Event: 13.432 Thread 0x000000000214e000 Uncommon trap: reason=unstable_if action=reinterpret pc=0x00000000025b9d7c method=java.lang.CharacterDataLatin1.isWhitespace(I)Z @ 14
Event: 13.439 Thread 0x000000000214e000 Uncommon trap: reason=class_check action=maybe_recompile pc=0x00000000028f2344 method=java.util.Hashtable.get(Ljava/lang/Object;)Ljava/lang/Object; @ 6
Event: 13.440 Thread 0x000000000214e000 Uncommon trap: reason=class_check action=maybe_recompile pc=0x00000000028f2344 method=java.util.Hashtable.get(Ljava/lang/Object;)Ljava/lang/Object; @ 6
Event: 13.440 Thread 0x000000000214e000 Uncommon trap: reason=class_check action=maybe_recompile pc=0x00000000028f2344 method=java.util.Hashtable.get(Ljava/lang/Object;)Ljava/lang/Object; @ 6
Event: 13.440 Thread 0x000000000214e000 Uncommon trap: reason=class_check action=maybe_recompile pc=0x00000000028e80c8 method=java.util.Hashtable.addEntry(ILjava/lang/Object;Ljava/lang/Object;I)V @ 38
Event: 13.568 Thread 0x000000000214e000 Uncommon trap: reason=unstable_if action=reinterpret pc=0x0000000002dbd430 method=java.util.regex.Pattern.clazz(Z)Ljava/util/regex/Pattern$CharProperty; @ 361

Internal exceptions (10 events):
Event: 0.760 Thread 0x000000000214e000 Exception <a 'java/lang/NoClassDefFoundError'> (0x00000000e14e6df0) thrown at [C:\re\workspace\8-2-build-windows-amd64-cygwin\jdk8u60\4407\hotspot\src\share\vm\oops\instanceKlass.cpp, line 945]
Event: 1.347 Thread 0x000000000214e000 Implicit null exception at 0x0000000002679555 to 0x000000000267972d
Event: 1.347 Thread 0x000000000214e000 Implicit null exception at 0x0000000002586c2f to 0x0000000002586c99
Event: 1.557 Thread 0x000000000214e000 Implicit null exception at 0x00000000027db1a4 to 0x00000000027dc335
Event: 2.913 Thread 0x000000000214e000 Implicit null exception at 0x0000000002620dfb to 0x00000000026213ad
Event: 4.933 Thread 0x000000000214e000 Exception <a 'java/lang/NoClassDefFoundError': org/slf4j/Logger> (0x00000000e11f1370) thrown at [C:\re\workspace\8-2-build-windows-amd64-cygwin\jdk8u60\4407\hotspot\src\share\vm\oops\constantPool.cpp, line 235]
Event: 5.775 Thread 0x000000000214e000 Exception <a 'java/lang/NoClassDefFoundError': org/slf4j/Logger> (0x00000000e1c2ea68) thrown at [C:\re\workspace\8-2-build-windows-amd64-cygwin\jdk8u60\4407\hotspot\src\share\vm\oops\constantPool.cpp, line 235]
Event: 6.946 Thread 0x000000000214e000 Exception <a 'java/lang/NoClassDefFoundError': org/slf4j/Logger> (0x00000000e3285c98) thrown at [C:\re\workspace\8-2-build-windows-amd64-cygwin\jdk8u60\4407\hotspot\src\share\vm\oops\constantPool.cpp, line 235]
Event: 8.220 Thread 0x000000000214e000 Exception <a 'java/lang/ClassNotFoundException': com/sun/tools/javac/api/JavacTool> (0x00000000e41a48a0) thrown at [C:\re\workspace\8-2-build-windows-amd64-cygwin\jdk8u60\4407\hotspot\src\share\vm\classfile\systemDictionary.cpp, line 210]
Event: 12.238 Thread 0x000000000214e000 Implicit null exception at 0x0000000002e26bb4 to 0x0000000002e324a1

Events (10 events):
Event: 13.637 Executing VM operation: RevokeBias
Event: 13.638 Executing VM operation: RevokeBias done
Event: 13.639 Executing VM operation: RevokeBias
Event: 13.639 Executing VM operation: RevokeBias done
Event: 13.639 Executing VM operation: RevokeBias
Event: 13.639 Executing VM operation: RevokeBias done
Event: 13.640 Executing VM operation: RevokeBias
Event: 13.640 Executing VM operation: RevokeBias done
Event: 13.640 Executing VM operation: RevokeBias
Event: 13.640 Executing VM operation: RevokeBias done


Dynamic libraries:
0x00007ff69ea70000 - 0x00007ff69eaa7000 	C:\Program Files\Java\jdk1.8.0_60\bin\java.exe
0x00007ff881c40000 - 0x00007ff881dec000 	C:\Windows\SYSTEM32\ntdll.dll
0x00007ff87f4b0000 - 0x00007ff87f5ee000 	C:\Windows\system32\KERNEL32.DLL
0x00007ff87f150000 - 0x00007ff87f265000 	C:\Windows\system32\KERNELBASE.dll
0x00007ff87d850000 - 0x00007ff87d8de000 	C:\Windows\system32\apphelp.dll
0x00007ff873720000 - 0x00007ff873773000 	C:\Windows\AppPatch\AppPatch64\AcGenral.DLL
0x00007ff87f320000 - 0x00007ff87f3ca000 	C:\Windows\system32\msvcrt.dll
0x00007ff87eb60000 - 0x00007ff87eb8e000 	C:\Windows\SYSTEM32\SspiCli.dll
0x00007ff881be0000 - 0x00007ff881c34000 	C:\Windows\system32\SHLWAPI.dll
0x00007ff87fb70000 - 0x00007ff87fce7000 	C:\Windows\system32\USER32.dll
0x00007ff87f9d0000 - 0x00007ff87fb64000 	C:\Windows\system32\ole32.dll
0x00007ff880610000 - 0x00007ff881b3b000 	C:\Windows\system32\SHELL32.dll
0x00007ff87e330000 - 0x00007ff87e351000 	C:\Windows\SYSTEM32\USERENV.dll
0x00007ff880180000 - 0x00007ff88022a000 	C:\Windows\system32\ADVAPI32.dll
0x00007ff875ac0000 - 0x00007ff875ade000 	C:\Windows\SYSTEM32\MPR.dll
0x00007ff87f5f0000 - 0x00007ff87f731000 	C:\Windows\system32\RPCRT4.dll
0x00007ff881b40000 - 0x00007ff881b99000 	C:\Windows\SYSTEM32\sechost.dll
0x00007ff87f7b0000 - 0x00007ff87f9c1000 	C:\Windows\SYSTEM32\combase.dll
0x00007ff880030000 - 0x00007ff88017f000 	C:\Windows\system32\GDI32.dll
0x00007ff87ed90000 - 0x00007ff87eda5000 	C:\Windows\SYSTEM32\profapi.dll
0x00007ff87d8f0000 - 0x00007ff87d9a2000 	C:\Windows\SYSTEM32\SHCORE.dll
0x00007ff881ba0000 - 0x00007ff881bd6000 	C:\Windows\system32\IMM32.DLL
0x00007ff87fed0000 - 0x00007ff880022000 	C:\Windows\system32\MSCTF.dll
0x00007ff87be80000 - 0x00007ff87c0fb000 	C:\Windows\WinSxS\amd64_microsoft.windows.common-controls_6595b64144ccf1df_6.0.9600.18006_none_623f33d3ecbe86e8\COMCTL32.dll
0x00000000617d0000 - 0x00000000618a2000 	C:\Program Files\Java\jdk1.8.0_60\jre\bin\msvcr100.dll
0x00000000601f0000 - 0x0000000060a79000 	C:\Program Files\Java\jdk1.8.0_60\jre\bin\server\jvm.dll
0x00007ff876150000 - 0x00007ff876159000 	C:\Windows\SYSTEM32\WSOCK32.dll
0x00007ff87c480000 - 0x00007ff87c4a2000 	C:\Windows\SYSTEM32\WINMM.dll
0x00007ff87ca50000 - 0x00007ff87ca5a000 	C:\Windows\SYSTEM32\VERSION.dll
0x00007ff8802a0000 - 0x00007ff8802a7000 	C:\Windows\system32\PSAPI.DLL
0x00007ff87f2c0000 - 0x00007ff87f31a000 	C:\Windows\system32\WS2_32.dll
0x00007ff87bd90000 - 0x00007ff87bdba000 	C:\Windows\SYSTEM32\WINMMBASE.dll
0x00007ff8802d0000 - 0x00007ff8802d9000 	C:\Windows\system32\NSI.dll
0x00007ff87f270000 - 0x00007ff87f2bf000 	C:\Windows\SYSTEM32\cfgmgr32.dll
0x00007ff87db90000 - 0x00007ff87dbb8000 	C:\Windows\SYSTEM32\DEVOBJ.dll
0x0000000061780000 - 0x000000006178f000 	C:\Program Files\Java\jdk1.8.0_60\jre\bin\verify.dll
0x0000000061750000 - 0x0000000061779000 	C:\Program Files\Java\jdk1.8.0_60\jre\bin\java.dll
0x0000000061730000 - 0x0000000061746000 	C:\Program Files\Java\jdk1.8.0_60\jre\bin\zip.dll
0x00000000601d0000 - 0x00000000601ea000 	C:\Program Files\Java\jdk1.8.0_60\jre\bin\net.dll
0x00007ff87e5a0000 - 0x00007ff87e5f9000 	C:\Windows\system32\mswsock.dll
0x00000000601b0000 - 0x00000000601c1000 	C:\Program Files\Java\jdk1.8.0_60\jre\bin\nio.dll

VM Arguments:
jvm_args: -Dclassworlds.conf=C:\Program Files\NetBeans 8.1\java\maven\bin\m2.conf -Dmaven.home=C:\Program Files\NetBeans 8.1\java\maven 
java_command: org.codehaus.plexus.classworlds.launcher.Launcher -Dnetbeans.deploy=true -Dmaven.ext.class.path=C:\Program Files\NetBeans 8.1\java\maven-nblib\netbeans-eventspy.jar -Dfile.encoding=UTF-8 package
java_class_path (initial): C:\Program Files\NetBeans 8.1\java\maven\boot\plexus-classworlds-2.4.jar
Launcher Type: SUN_STANDARD

Environment Variables:
JAVA_HOME=C:\Program Files\Java\jdk1.8.0_60
PATH=C:\PROGRAMDATA\ORACLE\JAVA\JAVAPATH;C:\PROGRAM FILES (X86)\INTEL\ICLS CLIENT\;C:\PROGRAM FILES\INTEL\ICLS CLIENT\;C:\PROGRAM FILES\BROADCOM\BROADCOM 802.11 NETWORK ADAPTER;C:\WINDOWS\SYSTEM32;C:\WINDOWS;C:\WINDOWS\SYSTEM32\WBEM;C:\WINDOWS\SYSTEM32\WINDOWSPOWERSHELL\V1.0\;C:\PROGRAM FILES\INTEL\INTEL(R) MANAGEMENT ENGINE COMPONENTS\DAL;C:\PROGRAM FILES\INTEL\INTEL(R) MANAGEMENT ENGINE COMPONENTS\IPT;C:\PROGRAM FILES (X86)\INTEL\INTEL(R) MANAGEMENT ENGINE COMPONENTS\DAL;C:\PROGRAM FILES (X86)\INTEL\INTEL(R) MANAGEMENT ENGINE COMPONENTS\IPT;C:\USERS\CHRISTIAN\.DNX\BIN;C:\PROGRAM FILES\MICROSOFT DNX\DNVM\;C:\PROGRAM FILES\MATLAB\R2013B\RUNTIME\WIN64;C:\PROGRAM FILES\MATLAB\R2013B\BIN;C:\PROGRAM FILES\MATLAB\R2013B\POLYSPACE\BIN;C:\MINGW64\MINGW64\BIN;C:\OPENCV-INSTALL\BIN;C:\PROGRAM FILES\JAVA\JDK1.8.0_60\BIN;C:\Program Files\WIDCOMM\Bluetooth Software\;C:\Program Files\WIDCOMM\Bluetooth Software\syswow64;C:/Program Files/PostgreSQL/9.4\bin;C:\ZEUS\lib\zeus.jar;C:\ZEUS\lib\gnu-regexp.jar;C:\ZEUS\lib\icu4j.jar;C:\ZEUS\lib\sl.jar;C:\ZEUS\lib\jaxb-rt-1.0-ea.jar;C:\ZEUS\lib\jaxb-xjc-1.0-ea.jar;C:\ZEUS\lin\xerces.jar;C:\ZEUS\lib\ant.jar;C:\Program Files (x86)\Zeus\lib\zeus.jar;C:\Program Files (x86)\Zeus\lib\gnu-regexp.jar;C:\Apache24;C:\Apache24\bin;C:\php
USERNAME=Christian
OS=Windows_NT
PROCESSOR_IDENTIFIER=Intel64 Family 6 Model 69 Stepping 1, GenuineIntel



---------------  S Y S T E M  ---------------

OS: Windows 8.1 , 64 bit Build 9600 (6.3.9600.17415)

CPU:total 4 (2 cores per cpu, 2 threads per core) family 6 model 69 stepping 1, cmov, cx8, fxsr, mmx, sse, sse2, sse3, ssse3, sse4.1, sse4.2, popcnt, avx, avx2, aes, clmul, erms, lzcnt, ht, tsc, tscinvbit, bmi1, bmi2

Memory: 4k page, physical 6172056k(1117672k free), swap 6172056k(5132k free)

vm_info: Java HotSpot(TM) 64-Bit Server VM (25.60-b23) for windows-amd64 JRE (1.8.0_60-b27), built on Aug  4 2015 11:06:27 by "java_re" with MS VC++ 10.0 (VS2010)

time: Wed Mar 08 01:03:24 2017
elapsed time: 13 seconds (0d 0h 0m 13s)

